{"/home/travis/build/npmtest/node-npmtest-bower-installer/test.js":{"path":"/home/travis/build/npmtest/node-npmtest-bower-installer/test.js","s":{"1":2,"2":2,"3":2,"4":2,"5":2,"6":2,"7":2,"8":1,"9":2,"10":2,"11":1,"12":1,"13":1,"14":1,"15":2,"16":2,"17":2,"18":2,"19":1,"20":1,"21":2,"22":2,"23":2,"24":1,"25":1,"26":1,"27":1,"28":1,"29":1,"30":1,"31":1,"32":1,"33":1,"34":1,"35":1,"36":1,"37":2,"38":2,"39":1,"40":2,"41":2,"42":1,"43":2,"44":2,"45":1,"46":2,"47":2,"48":1,"49":1,"50":1,"51":1,"52":1},"b":{"1":[2,1,1,1],"2":[1,1,1,1],"3":[1,1],"4":[1,1],"5":[1,1],"6":[1,1],"7":[1,1],"8":[1,1],"9":[1,1,1],"10":[1,1],"11":[1,1],"12":[1,1],"13":[1,1],"14":[1,1],"15":[1,1],"16":[1,1]},"f":{"1":2,"2":2,"3":2,"4":2,"5":2,"6":1,"7":1,"8":2,"9":2,"10":2,"11":2,"12":1},"fnMap":{"1":{"name":"(anonymous_1)","line":12,"loc":{"start":{"line":12,"column":1},"end":{"line":12,"column":13}}},"2":{"name":"(anonymous_2)","line":19,"loc":{"start":{"line":19,"column":5},"end":{"line":19,"column":17}}},"3":{"name":"(anonymous_3)","line":23,"loc":{"start":{"line":23,"column":24},"end":{"line":23,"column":36}}},"4":{"name":"(anonymous_4)","line":61,"loc":{"start":{"line":61,"column":5},"end":{"line":61,"column":17}}},"5":{"name":"(anonymous_5)","line":82,"loc":{"start":{"line":82,"column":5},"end":{"line":82,"column":17}}},"6":{"name":"(anonymous_6)","line":102,"loc":{"start":{"line":102,"column":83},"end":{"line":105,"column":10}},"skip":true},"7":{"name":"(anonymous_7)","line":113,"loc":{"start":{"line":113,"column":77},"end":{"line":116,"column":10}},"skip":true},"8":{"name":"(anonymous_8)","line":129,"loc":{"start":{"line":129,"column":12},"end":{"line":129,"column":40}},"skip":true},"9":{"name":"(anonymous_9)","line":137,"loc":{"start":{"line":137,"column":77},"end":{"line":140,"column":10}},"skip":true},"10":{"name":"(anonymous_10)","line":148,"loc":{"start":{"line":148,"column":83},"end":{"line":151,"column":10}},"skip":true},"11":{"name":"(anonymous_11)","line":159,"loc":{"start":{"line":159,"column":79},"end":{"line":162,"column":10}},"skip":true},"12":{"name":"(anonymous_12)","line":170,"loc":{"start":{"line":170,"column":75},"end":{"line":173,"column":10}},"skip":true}},"statementMap":{"1":{"start":{"line":12,"column":0},"end":{"line":185,"column":5}},"2":{"start":{"line":14,"column":4},"end":{"line":14,"column":14}},"3":{"start":{"line":19,"column":4},"end":{"line":56,"column":9}},"4":{"start":{"line":21,"column":8},"end":{"line":21,"column":19}},"5":{"start":{"line":23,"column":8},"end":{"line":35,"column":13}},"6":{"start":{"line":24,"column":12},"end":{"line":34,"column":13}},"7":{"start":{"line":25,"column":16},"end":{"line":28,"column":30}},"8":{"start":{"line":30,"column":16},"end":{"line":33,"column":27}},"9":{"start":{"line":37,"column":8},"end":{"line":39,"column":21}},"10":{"start":{"line":40,"column":8},"end":{"line":53,"column":9}},"11":{"start":{"line":43,"column":12},"end":{"line":46,"column":14}},"12":{"start":{"line":47,"column":12},"end":{"line":47,"column":18}},"13":{"start":{"line":50,"column":12},"end":{"line":51,"column":46}},"14":{"start":{"line":52,"column":12},"end":{"line":52,"column":18}},"15":{"start":{"line":55,"column":8},"end":{"line":55,"column":35}},"16":{"start":{"line":61,"column":4},"end":{"line":63,"column":9}},"17":{"start":{"line":62,"column":8},"end":{"line":62,"column":15}},"18":{"start":{"line":64,"column":4},"end":{"line":77,"column":5}},"19":{"start":{"line":70,"column":8},"end":{"line":70,"column":14}},"20":{"start":{"line":76,"column":8},"end":{"line":76,"column":14}},"21":{"start":{"line":82,"column":4},"end":{"line":84,"column":9}},"22":{"start":{"line":83,"column":8},"end":{"line":83,"column":15}},"23":{"start":{"line":85,"column":4},"end":{"line":184,"column":5}},"24":{"start":{"line":92,"column":8},"end":{"line":94,"column":63}},"25":{"start":{"line":95,"column":8},"end":{"line":95,"column":14}},"26":{"start":{"line":102,"column":8},"end":{"line":111,"column":10},"skip":true},"27":{"start":{"line":109,"column":12},"end":{"line":109,"column":55},"skip":true},"28":{"start":{"line":110,"column":12},"end":{"line":110,"column":48},"skip":true},"29":{"start":{"line":113,"column":8},"end":{"line":126,"column":10},"skip":true},"30":{"start":{"line":120,"column":12},"end":{"line":120,"column":76},"skip":true},"31":{"start":{"line":121,"column":12},"end":{"line":121,"column":73},"skip":true},"32":{"start":{"line":122,"column":12},"end":{"line":122,"column":74},"skip":true},"33":{"start":{"line":123,"column":12},"end":{"line":123,"column":79},"skip":true},"34":{"start":{"line":124,"column":12},"end":{"line":124,"column":25},"skip":true},"35":{"start":{"line":125,"column":12},"end":{"line":125,"column":45},"skip":true},"36":{"start":{"line":128,"column":8},"end":{"line":135,"column":14},"skip":true},"37":{"start":{"line":133,"column":16},"end":{"line":133,"column":29},"skip":true},"38":{"start":{"line":134,"column":16},"end":{"line":134,"column":55},"skip":true},"39":{"start":{"line":137,"column":8},"end":{"line":146,"column":10},"skip":true},"40":{"start":{"line":144,"column":12},"end":{"line":144,"column":25},"skip":true},"41":{"start":{"line":145,"column":12},"end":{"line":145,"column":45},"skip":true},"42":{"start":{"line":148,"column":8},"end":{"line":157,"column":10},"skip":true},"43":{"start":{"line":155,"column":12},"end":{"line":155,"column":25},"skip":true},"44":{"start":{"line":156,"column":12},"end":{"line":156,"column":48},"skip":true},"45":{"start":{"line":159,"column":8},"end":{"line":168,"column":10},"skip":true},"46":{"start":{"line":166,"column":12},"end":{"line":166,"column":25},"skip":true},"47":{"start":{"line":167,"column":12},"end":{"line":167,"column":46},"skip":true},"48":{"start":{"line":170,"column":8},"end":{"line":179,"column":10},"skip":true},"49":{"start":{"line":177,"column":12},"end":{"line":177,"column":94},"skip":true},"50":{"start":{"line":178,"column":12},"end":{"line":178,"column":48},"skip":true},"51":{"start":{"line":182,"column":8},"end":{"line":182,"column":35},"skip":true},"52":{"start":{"line":183,"column":8},"end":{"line":183,"column":14},"skip":true}},"branchMap":{"1":{"line":25,"type":"binary-expr","locations":[{"start":{"line":25,"column":23},"end":{"line":25,"column":62}},{"start":{"line":26,"column":20},"end":{"line":26,"column":70}},{"start":{"line":27,"column":20},"end":{"line":27,"column":71}},{"start":{"line":28,"column":20},"end":{"line":28,"column":29}}]},"2":{"line":30,"type":"binary-expr","locations":[{"start":{"line":30,"column":23},"end":{"line":30,"column":37}},{"start":{"line":31,"column":20},"end":{"line":31,"column":61}},{"start":{"line":32,"column":20},"end":{"line":32,"column":70}},{"start":{"line":33,"column":20},"end":{"line":33,"column":26}}]},"3":{"line":37,"type":"cond-expr","locations":[{"start":{"line":38,"column":14},"end":{"line":38,"column":20}},{"start":{"line":39,"column":14},"end":{"line":39,"column":20}}]},"4":{"line":40,"type":"switch","locations":[{"start":{"line":42,"column":8},"end":{"line":47,"column":18}},{"start":{"line":49,"column":8},"end":{"line":52,"column":18}}]},"5":{"line":44,"type":"binary-expr","locations":[{"start":{"line":44,"column":16},"end":{"line":44,"column":44}},{"start":{"line":44,"column":48},"end":{"line":44,"column":66}}]},"6":{"line":50,"type":"binary-expr","locations":[{"start":{"line":50,"column":21},"end":{"line":50,"column":49}},{"start":{"line":50,"column":53},"end":{"line":50,"column":72}}]},"7":{"line":64,"type":"switch","locations":[{"start":{"line":69,"column":4},"end":{"line":70,"column":14}},{"start":{"line":75,"column":4},"end":{"line":76,"column":14}}]},"8":{"line":85,"type":"switch","locations":[{"start":{"line":90,"column":4},"end":{"line":95,"column":14}},{"start":{"line":101,"column":4},"end":{"line":183,"column":14},"skip":true}]},"9":{"line":92,"type":"binary-expr","locations":[{"start":{"line":92,"column":18},"end":{"line":92,"column":32}},{"start":{"line":93,"column":12},"end":{"line":93,"column":53}},{"start":{"line":94,"column":12},"end":{"line":94,"column":61}}]},"10":{"line":102,"type":"binary-expr","locations":[{"start":{"line":102,"column":45},"end":{"line":102,"column":79},"skip":true},{"start":{"line":102,"column":83},"end":{"line":111,"column":9},"skip":true}]},"11":{"line":113,"type":"binary-expr","locations":[{"start":{"line":113,"column":42},"end":{"line":113,"column":73},"skip":true},{"start":{"line":113,"column":77},"end":{"line":126,"column":9},"skip":true}]},"12":{"line":128,"type":"binary-expr","locations":[{"start":{"line":128,"column":48},"end":{"line":128,"column":85},"skip":true},{"start":{"line":129,"column":12},"end":{"line":135,"column":13},"skip":true}]},"13":{"line":137,"type":"binary-expr","locations":[{"start":{"line":137,"column":42},"end":{"line":137,"column":73},"skip":true},{"start":{"line":137,"column":77},"end":{"line":146,"column":9},"skip":true}]},"14":{"line":148,"type":"binary-expr","locations":[{"start":{"line":148,"column":45},"end":{"line":148,"column":79},"skip":true},{"start":{"line":148,"column":83},"end":{"line":157,"column":9},"skip":true}]},"15":{"line":159,"type":"binary-expr","locations":[{"start":{"line":159,"column":43},"end":{"line":159,"column":75},"skip":true},{"start":{"line":159,"column":79},"end":{"line":168,"column":9},"skip":true}]},"16":{"line":170,"type":"binary-expr","locations":[{"start":{"line":170,"column":41},"end":{"line":170,"column":71},"skip":true},{"start":{"line":170,"column":75},"end":{"line":179,"column":9},"skip":true}]}},"code":["/* istanbul instrument in package npmtest_bower_installer */","/*jslint","    bitwise: true,","    browser: true,","    maxerr: 8,","    maxlen: 96,","    node: true,","    nomen: true,","    regexp: true,","    stupid: true","*/","(function () {","    'use strict';","    var local;","","","","    // run shared js-env code - pre-init","    (function () {","        // init local","        local = {};","        // init modeJs","        local.modeJs = (function () {","            try {","                return typeof navigator.userAgent === 'string' &&","                    typeof document.querySelector('body') === 'object' &&","                    typeof XMLHttpRequest.prototype.open === 'function' &&","                    'browser';","            } catch (errorCaughtBrowser) {","                return module.exports &&","                    typeof process.versions.node === 'string' &&","                    typeof require('http').createServer === 'function' &&","                    'node';","            }","        }());","        // init global","        local.global = local.modeJs === 'browser'","            ? window","            : global;","        switch (local.modeJs) {","        // re-init local from window.local","        case 'browser':","            local = local.global.utility2.objectSetDefault(","                local.global.utility2_rollup || local.global.local,","                local.global.utility2","            );","            break;","        // re-init local from example.js","        case 'node':","            local = (local.global.utility2_rollup || require('utility2'))","                .requireExampleJsFromReadme();","            break;","        }","        // export local","        local.global.local = local;","    }());","","","","    // run shared js-env code - function","    (function () {","        return;","    }());","    switch (local.modeJs) {","","","","    // run browser js-env code - function","    case 'browser':","        break;","","","","    // run node js-env code - function","    case 'node':","        break;","    }","","","","    // run shared js-env code - post-init","    (function () {","        return;","    }());","    switch (local.modeJs) {","","","","    // run browser js-env code - post-init","    case 'browser':","        // run tests","        local.nop(local.modeTest &&","            document.querySelector('#testRunButton1') &&","            document.querySelector('#testRunButton1').click());","        break;","","","","    // run node js-env code - post-init","    /* istanbul ignore next */","    case 'node':","        local.testCase_buildApidoc_default = local.testCase_buildApidoc_default || function (","            options,","            onError","        ) {","        /*","         * this function will test buildApidoc's default handling-behavior-behavior","         */","            options = { modulePathList: module.paths };","            local.buildApidoc(options, onError);","        };","","        local.testCase_buildApp_default = local.testCase_buildApp_default || function (","            options,","            onError","        ) {","        /*","         * this function will test buildApp's default handling-behavior-behavior","         */","            local.testCase_buildReadme_default(options, local.onErrorThrow);","            local.testCase_buildLib_default(options, local.onErrorThrow);","            local.testCase_buildTest_default(options, local.onErrorThrow);","            local.testCase_buildCustomOrg_default(options, local.onErrorThrow);","            options = [];","            local.buildApp(options, onError);","        };","","        local.testCase_buildCustomOrg_default = local.testCase_buildCustomOrg_default ||","            function (options, onError) {","            /*","             * this function will test buildCustomOrg's default handling-behavior","             */","                options = {};","                local.buildCustomOrg(options, onError);","            };","","        local.testCase_buildLib_default = local.testCase_buildLib_default || function (","            options,","            onError","        ) {","        /*","         * this function will test buildLib's default handling-behavior","         */","            options = {};","            local.buildLib(options, onError);","        };","","        local.testCase_buildReadme_default = local.testCase_buildReadme_default || function (","            options,","            onError","        ) {","        /*","         * this function will test buildReadme's default handling-behavior-behavior","         */","            options = {};","            local.buildReadme(options, onError);","        };","","        local.testCase_buildTest_default = local.testCase_buildTest_default || function (","            options,","            onError","        ) {","        /*","         * this function will test buildTest's default handling-behavior","         */","            options = {};","            local.buildTest(options, onError);","        };","","        local.testCase_webpage_default = local.testCase_webpage_default || function (","            options,","            onError","        ) {","        /*","         * this function will test webpage's default handling-behavior","         */","            options = { modeCoverageMerge: true, url: local.serverLocalHost + '?modeTest=1' };","            local.browserTest(options, onError);","        };","","        // run test-server","        local.testRunServer(local);","        break;","    }","}());",""],"l":{"12":2,"14":2,"19":2,"21":2,"23":2,"24":2,"25":2,"30":1,"37":2,"40":2,"43":1,"47":1,"50":1,"52":1,"55":2,"61":2,"62":2,"64":2,"70":1,"76":1,"82":2,"83":2,"85":2,"92":1,"95":1,"102":1,"109":1,"110":1,"113":1,"120":1,"121":1,"122":1,"123":1,"124":1,"125":1,"128":1,"133":2,"134":2,"137":1,"144":2,"145":2,"148":1,"155":2,"156":2,"159":1,"166":2,"167":2,"170":1,"177":1,"178":1,"182":1,"183":1}},"/home/travis/build/npmtest/node-npmtest-bower-installer/lib.npmtest_bower_installer.js":{"path":"/home/travis/build/npmtest/node-npmtest-bower-installer/lib.npmtest_bower_installer.js","s":{"1":2,"2":2,"3":2,"4":2,"5":2,"6":2,"7":2,"8":1,"9":2,"10":2,"11":2,"12":2,"13":1,"14":1,"15":1,"16":1},"b":{"1":[2,1,1,1],"2":[1,1,1,1],"3":[1,1],"4":[2,2],"5":[1,1]},"f":{"1":2,"2":2,"3":2},"fnMap":{"1":{"name":"(anonymous_1)","line":12,"loc":{"start":{"line":12,"column":1},"end":{"line":12,"column":13}}},"2":{"name":"(anonymous_2)","line":19,"loc":{"start":{"line":19,"column":5},"end":{"line":19,"column":17}}},"3":{"name":"(anonymous_3)","line":23,"loc":{"start":{"line":23,"column":24},"end":{"line":23,"column":36}}}},"statementMap":{"1":{"start":{"line":12,"column":0},"end":{"line":53,"column":5}},"2":{"start":{"line":14,"column":4},"end":{"line":14,"column":14}},"3":{"start":{"line":19,"column":4},"end":{"line":52,"column":9}},"4":{"start":{"line":21,"column":8},"end":{"line":21,"column":19}},"5":{"start":{"line":23,"column":8},"end":{"line":35,"column":13}},"6":{"start":{"line":24,"column":12},"end":{"line":34,"column":13}},"7":{"start":{"line":25,"column":16},"end":{"line":28,"column":30}},"8":{"start":{"line":30,"column":16},"end":{"line":33,"column":27}},"9":{"start":{"line":37,"column":8},"end":{"line":39,"column":21}},"10":{"start":{"line":41,"column":8},"end":{"line":41,"column":54}},"11":{"start":{"line":43,"column":8},"end":{"line":43,"column":60}},"12":{"start":{"line":45,"column":8},"end":{"line":51,"column":9}},"13":{"start":{"line":46,"column":12},"end":{"line":46,"column":66}},"14":{"start":{"line":48,"column":12},"end":{"line":48,"column":35}},"15":{"start":{"line":49,"column":12},"end":{"line":49,"column":49}},"16":{"start":{"line":50,"column":12},"end":{"line":50,"column":43}}},"branchMap":{"1":{"line":25,"type":"binary-expr","locations":[{"start":{"line":25,"column":23},"end":{"line":25,"column":62}},{"start":{"line":26,"column":20},"end":{"line":26,"column":70}},{"start":{"line":27,"column":20},"end":{"line":27,"column":71}},{"start":{"line":28,"column":20},"end":{"line":28,"column":29}}]},"2":{"line":30,"type":"binary-expr","locations":[{"start":{"line":30,"column":23},"end":{"line":30,"column":37}},{"start":{"line":31,"column":20},"end":{"line":31,"column":61}},{"start":{"line":32,"column":20},"end":{"line":32,"column":70}},{"start":{"line":33,"column":20},"end":{"line":33,"column":26}}]},"3":{"line":37,"type":"cond-expr","locations":[{"start":{"line":38,"column":14},"end":{"line":38,"column":20}},{"start":{"line":39,"column":14},"end":{"line":39,"column":20}}]},"4":{"line":41,"type":"binary-expr","locations":[{"start":{"line":41,"column":16},"end":{"line":41,"column":44}},{"start":{"line":41,"column":48},"end":{"line":41,"column":53}}]},"5":{"line":45,"type":"if","locations":[{"start":{"line":45,"column":8},"end":{"line":45,"column":8}},{"start":{"line":45,"column":8},"end":{"line":45,"column":8}}]}},"code":["/* istanbul instrument in package npmtest_bower_installer */","/*jslint","    bitwise: true,","    browser: true,","    maxerr: 8,","    maxlen: 96,","    node: true,","    nomen: true,","    regexp: true,","    stupid: true","*/","(function () {","    'use strict';","    var local;","","","","    // run shared js-env code - pre-init","    (function () {","        // init local","        local = {};","        // init modeJs","        local.modeJs = (function () {","            try {","                return typeof navigator.userAgent === 'string' &&","                    typeof document.querySelector('body') === 'object' &&","                    typeof XMLHttpRequest.prototype.open === 'function' &&","                    'browser';","            } catch (errorCaughtBrowser) {","                return module.exports &&","                    typeof process.versions.node === 'string' &&","                    typeof require('http').createServer === 'function' &&","                    'node';","            }","        }());","        // init global","        local.global = local.modeJs === 'browser'","            ? window","            : global;","        // init utility2_rollup","        local = local.global.utility2_rollup || local;","        // init lib","        local.local = local.npmtest_bower_installer = local;","        // init exports","        if (local.modeJs === 'browser') {","            local.global.utility2_npmtest_bower_installer = local;","        } else {","            module.exports = local;","            module.exports.__dirname = __dirname;","            module.exports.module = module;","        }","    }());","}());",""],"l":{"12":2,"14":2,"19":2,"21":2,"23":2,"24":2,"25":2,"30":1,"37":2,"41":2,"43":2,"45":2,"46":1,"48":1,"49":1,"50":1}},"/home/travis/build/npmtest/node-npmtest-bower-installer/example.js":{"path":"/home/travis/build/npmtest/node-npmtest-bower-installer/example.js","s":{"1":2,"2":2,"3":2,"4":2,"5":2,"6":2,"7":2,"8":1,"9":2,"10":2,"11":2,"12":2,"13":1,"14":2,"15":2,"16":2,"17":2,"18":2,"19":0,"20":2,"21":1,"22":1,"23":1,"24":1,"25":1,"26":0,"27":0,"28":1,"29":1,"30":2,"31":0,"32":0,"33":0,"34":1,"35":2,"36":2,"37":2,"38":2,"39":2,"40":2,"41":0,"42":2,"43":2,"44":2,"45":1,"46":3,"47":1,"48":1,"49":1,"50":1,"51":1,"52":1,"53":1,"54":1,"55":1,"56":1,"57":0,"58":1,"59":6,"60":6,"61":1,"62":2,"63":0,"64":2,"65":1,"66":1,"67":0,"68":0,"69":0,"70":0,"71":0,"72":0,"73":0,"74":0,"75":0,"76":0,"77":0,"78":0,"79":0,"80":0,"81":0,"82":0,"83":0},"b":{"1":[2,1,1,1],"2":[1,1,1,1],"3":[1,1],"4":[2,2],"5":[1,1],"6":[1,1],"7":[2,0],"8":[2,1,1,1,1,1],"9":[0,2,0],"10":[1,1],"11":[2,1,1],"12":[1,0],"13":[0,2],"14":[2,0,0,0,0,0,0],"15":[0,2],"16":[2,0],"17":[1,1],"18":[0,1],"19":[1,2,0,2],"20":[1,0],"21":[1,1],"22":[0,0],"23":[0,0],"24":[0,0],"25":[0,0],"26":[0,0],"27":[0,0],"28":[0,0]},"f":{"1":2,"2":2,"3":2,"4":2,"5":2,"6":2,"7":2,"8":2,"9":3,"10":1,"11":6,"12":0},"fnMap":{"1":{"name":"(anonymous_1)","line":26,"loc":{"start":{"line":26,"column":1},"end":{"line":26,"column":13}}},"2":{"name":"(anonymous_2)","line":33,"loc":{"start":{"line":33,"column":5},"end":{"line":33,"column":17}}},"3":{"name":"(anonymous_3)","line":37,"loc":{"start":{"line":37,"column":24},"end":{"line":37,"column":36}}},"4":{"name":"(anonymous_4)","line":69,"loc":{"start":{"line":69,"column":31},"end":{"line":69,"column":48}},"skip":true},"5":{"name":"(anonymous_5)","line":78,"loc":{"start":{"line":78,"column":26},"end":{"line":78,"column":45}},"skip":true},"6":{"name":"(anonymous_6)","line":123,"loc":{"start":{"line":123,"column":33},"end":{"line":123,"column":48}},"skip":true},"7":{"name":"(anonymous_7)","line":125,"loc":{"start":{"line":125,"column":27},"end":{"line":125,"column":39}},"skip":true},"8":{"name":"(anonymous_8)","line":133,"loc":{"start":{"line":133,"column":59},"end":{"line":133,"column":74}},"skip":true},"9":{"name":"(anonymous_9)","line":143,"loc":{"start":{"line":143,"column":45},"end":{"line":143,"column":62}},"skip":true},"10":{"name":"(anonymous_10)","line":144,"loc":{"start":{"line":144,"column":73},"end":{"line":144,"column":92}},"skip":true},"11":{"name":"(anonymous_11)","line":272,"loc":{"start":{"line":272,"column":51},"end":{"line":272,"column":77}},"skip":true},"12":{"name":"(anonymous_12)","line":314,"loc":{"start":{"line":314,"column":32},"end":{"line":314,"column":61}},"skip":true}},"statementMap":{"1":{"start":{"line":26,"column":0},"end":{"line":325,"column":5}},"2":{"start":{"line":28,"column":4},"end":{"line":28,"column":14}},"3":{"start":{"line":33,"column":4},"end":{"line":60,"column":9}},"4":{"start":{"line":35,"column":8},"end":{"line":35,"column":19}},"5":{"start":{"line":37,"column":8},"end":{"line":49,"column":13}},"6":{"start":{"line":38,"column":12},"end":{"line":48,"column":13}},"7":{"start":{"line":39,"column":16},"end":{"line":42,"column":30}},"8":{"start":{"line":44,"column":16},"end":{"line":47,"column":27}},"9":{"start":{"line":51,"column":8},"end":{"line":53,"column":21}},"10":{"start":{"line":55,"column":8},"end":{"line":57,"column":45}},"11":{"start":{"line":59,"column":8},"end":{"line":59,"column":35}},"12":{"start":{"line":61,"column":4},"end":{"line":324,"column":5}},"13":{"start":{"line":69,"column":8},"end":{"line":121,"column":10},"skip":true},"14":{"start":{"line":70,"column":12},"end":{"line":88,"column":13},"skip":true},"15":{"start":{"line":76,"column":16},"end":{"line":87,"column":19},"skip":true},"16":{"start":{"line":79,"column":20},"end":{"line":86,"column":21},"skip":true},"17":{"start":{"line":82,"column":24},"end":{"line":82,"column":43},"skip":true},"18":{"start":{"line":83,"column":24},"end":{"line":83,"column":30},"skip":true},"19":{"start":{"line":85,"column":24},"end":{"line":85,"column":49},"skip":true},"20":{"start":{"line":89,"column":12},"end":{"line":107,"column":13},"skip":true},"21":{"start":{"line":92,"column":16},"end":{"line":102,"column":17},"skip":true},"22":{"start":{"line":93,"column":20},"end":{"line":93,"column":86},"skip":true},"23":{"start":{"line":94,"column":20},"end":{"line":95,"column":45},"skip":true},"24":{"start":{"line":96,"column":20},"end":{"line":96,"column":42},"skip":true},"25":{"start":{"line":97,"column":20},"end":{"line":97,"column":48},"skip":true},"26":{"start":{"line":100,"column":20},"end":{"line":100,"column":85},"skip":true},"27":{"start":{"line":101,"column":20},"end":{"line":101,"column":96},"skip":true},"28":{"start":{"line":103,"column":16},"end":{"line":103,"column":22},"skip":true},"29":{"start":{"line":106,"column":16},"end":{"line":106,"column":22},"skip":true},"30":{"start":{"line":108,"column":12},"end":{"line":120,"column":13},"skip":true},"31":{"start":{"line":114,"column":16},"end":{"line":119,"column":17},"skip":true},"32":{"start":{"line":116,"column":20},"end":{"line":116,"column":78},"skip":true},"33":{"start":{"line":118,"column":20},"end":{"line":118,"column":47},"skip":true},"34":{"start":{"line":123,"column":8},"end":{"line":141,"column":11},"skip":true},"35":{"start":{"line":124,"column":12},"end":{"line":124,"column":54},"skip":true},"36":{"start":{"line":125,"column":12},"end":{"line":140,"column":14},"skip":true},"37":{"start":{"line":126,"column":16},"end":{"line":126,"column":28},"skip":true},"38":{"start":{"line":127,"column":16},"end":{"line":127,"column":69},"skip":true},"39":{"start":{"line":128,"column":16},"end":{"line":128,"column":75},"skip":true},"40":{"start":{"line":129,"column":16},"end":{"line":131,"column":17},"skip":true},"41":{"start":{"line":130,"column":20},"end":{"line":130,"column":27},"skip":true},"42":{"start":{"line":133,"column":16},"end":{"line":137,"column":36},"skip":true},"43":{"start":{"line":134,"column":20},"end":{"line":136,"column":55},"skip":true},"44":{"start":{"line":139,"column":16},"end":{"line":139,"column":57},"skip":true},"45":{"start":{"line":143,"column":8},"end":{"line":147,"column":11},"skip":true},"46":{"start":{"line":144,"column":12},"end":{"line":146,"column":15},"skip":true},"47":{"start":{"line":145,"column":16},"end":{"line":145,"column":70},"skip":true},"48":{"start":{"line":149,"column":8},"end":{"line":149,"column":31},"skip":true},"49":{"start":{"line":150,"column":8},"end":{"line":150,"column":14},"skip":true},"50":{"start":{"line":158,"column":8},"end":{"line":158,"column":31},"skip":true},"51":{"start":{"line":160,"column":8},"end":{"line":160,"column":33},"skip":true},"52":{"start":{"line":161,"column":8},"end":{"line":161,"column":37},"skip":true},"53":{"start":{"line":162,"column":8},"end":{"line":162,"column":35},"skip":true},"54":{"start":{"line":164,"column":8},"end":{"line":164,"column":50},"skip":true},"55":{"start":{"line":166,"column":8},"end":{"line":256,"column":2},"skip":true},"56":{"start":{"line":258,"column":8},"end":{"line":286,"column":9},"skip":true},"57":{"start":{"line":259,"column":12},"end":{"line":269,"column":14},"skip":true},"58":{"start":{"line":271,"column":12},"end":{"line":285,"column":19},"skip":true},"59":{"start":{"line":274,"column":20},"end":{"line":274,"column":35},"skip":true},"60":{"start":{"line":275,"column":20},"end":{"line":284,"column":21},"skip":true},"61":{"start":{"line":277,"column":24},"end":{"line":277,"column":64},"skip":true},"62":{"start":{"line":279,"column":24},"end":{"line":279,"column":40},"skip":true},"63":{"start":{"line":281,"column":24},"end":{"line":281,"column":40},"skip":true},"64":{"start":{"line":283,"column":24},"end":{"line":283,"column":39},"skip":true},"65":{"start":{"line":288,"column":8},"end":{"line":290,"column":9},"skip":true},"66":{"start":{"line":289,"column":12},"end":{"line":289,"column":18},"skip":true},"67":{"start":{"line":291,"column":8},"end":{"line":293,"column":54},"skip":true},"68":{"start":{"line":294,"column":8},"end":{"line":301,"column":37},"skip":true},"69":{"start":{"line":302,"column":8},"end":{"line":302,"column":82},"skip":true},"70":{"start":{"line":305,"column":8},"end":{"line":307,"column":9},"skip":true},"71":{"start":{"line":306,"column":12},"end":{"line":306,"column":82},"skip":true},"72":{"start":{"line":309,"column":8},"end":{"line":311,"column":9},"skip":true},"73":{"start":{"line":310,"column":12},"end":{"line":310,"column":18},"skip":true},"74":{"start":{"line":312,"column":8},"end":{"line":312,"column":54},"skip":true},"75":{"start":{"line":313,"column":8},"end":{"line":313,"column":69},"skip":true},"76":{"start":{"line":314,"column":8},"end":{"line":322,"column":36},"skip":true},"77":{"start":{"line":315,"column":12},"end":{"line":315,"column":61},"skip":true},"78":{"start":{"line":316,"column":12},"end":{"line":319,"column":13},"skip":true},"79":{"start":{"line":317,"column":16},"end":{"line":317,"column":75},"skip":true},"80":{"start":{"line":318,"column":16},"end":{"line":318,"column":23},"skip":true},"81":{"start":{"line":320,"column":12},"end":{"line":320,"column":38},"skip":true},"82":{"start":{"line":321,"column":12},"end":{"line":321,"column":27},"skip":true},"83":{"start":{"line":323,"column":8},"end":{"line":323,"column":14},"skip":true}},"branchMap":{"1":{"line":39,"type":"binary-expr","locations":[{"start":{"line":39,"column":23},"end":{"line":39,"column":62}},{"start":{"line":40,"column":20},"end":{"line":40,"column":70}},{"start":{"line":41,"column":20},"end":{"line":41,"column":71}},{"start":{"line":42,"column":20},"end":{"line":42,"column":29}}]},"2":{"line":44,"type":"binary-expr","locations":[{"start":{"line":44,"column":23},"end":{"line":44,"column":37}},{"start":{"line":45,"column":20},"end":{"line":45,"column":61}},{"start":{"line":46,"column":20},"end":{"line":46,"column":70}},{"start":{"line":47,"column":20},"end":{"line":47,"column":26}}]},"3":{"line":51,"type":"cond-expr","locations":[{"start":{"line":52,"column":14},"end":{"line":52,"column":20}},{"start":{"line":53,"column":14},"end":{"line":53,"column":20}}]},"4":{"line":55,"type":"binary-expr","locations":[{"start":{"line":55,"column":16},"end":{"line":55,"column":44}},{"start":{"line":55,"column":49},"end":{"line":57,"column":43}}]},"5":{"line":55,"type":"cond-expr","locations":[{"start":{"line":56,"column":14},"end":{"line":56,"column":59}},{"start":{"line":57,"column":14},"end":{"line":57,"column":43}}]},"6":{"line":61,"type":"switch","locations":[{"start":{"line":68,"column":4},"end":{"line":150,"column":14},"skip":true},{"start":{"line":156,"column":4},"end":{"line":323,"column":14},"skip":true}]},"7":{"line":70,"type":"if","locations":[{"start":{"line":70,"column":12},"end":{"line":70,"column":12},"skip":true},{"start":{"line":70,"column":12},"end":{"line":70,"column":12},"skip":true}]},"8":{"line":70,"type":"binary-expr","locations":[{"start":{"line":70,"column":16},"end":{"line":70,"column":22},"skip":true},{"start":{"line":70,"column":27},"end":{"line":70,"column":32},"skip":true},{"start":{"line":71,"column":20},"end":{"line":71,"column":39},"skip":true},{"start":{"line":72,"column":20},"end":{"line":72,"column":49},"skip":true},{"start":{"line":73,"column":20},"end":{"line":73,"column":58},"skip":true},{"start":{"line":74,"column":20},"end":{"line":74,"column":69},"skip":true}]},"9":{"line":79,"type":"switch","locations":[{"start":{"line":80,"column":20},"end":{"line":80,"column":33},"skip":true},{"start":{"line":81,"column":20},"end":{"line":83,"column":30},"skip":true},{"start":{"line":84,"column":20},"end":{"line":85,"column":49},"skip":true}]},"10":{"line":89,"type":"switch","locations":[{"start":{"line":90,"column":12},"end":{"line":103,"column":22},"skip":true},{"start":{"line":105,"column":12},"end":{"line":106,"column":22},"skip":true}]},"11":{"line":89,"type":"binary-expr","locations":[{"start":{"line":89,"column":20},"end":{"line":89,"column":25},"skip":true},{"start":{"line":89,"column":29},"end":{"line":89,"column":48},"skip":true},{"start":{"line":89,"column":52},"end":{"line":89,"column":74},"skip":true}]},"12":{"line":92,"type":"if","locations":[{"start":{"line":92,"column":16},"end":{"line":92,"column":16},"skip":true},{"start":{"line":92,"column":16},"end":{"line":92,"column":16},"skip":true}]},"13":{"line":108,"type":"if","locations":[{"start":{"line":108,"column":12},"end":{"line":108,"column":12},"skip":true},{"start":{"line":108,"column":12},"end":{"line":108,"column":12},"skip":true}]},"14":{"line":108,"type":"binary-expr","locations":[{"start":{"line":108,"column":16},"end":{"line":108,"column":61},"skip":true},{"start":{"line":108,"column":66},"end":{"line":108,"column":72},"skip":true},{"start":{"line":108,"column":77},"end":{"line":108,"column":82},"skip":true},{"start":{"line":109,"column":20},"end":{"line":109,"column":39},"skip":true},{"start":{"line":110,"column":20},"end":{"line":110,"column":49},"skip":true},{"start":{"line":111,"column":20},"end":{"line":111,"column":58},"skip":true},{"start":{"line":112,"column":20},"end":{"line":112,"column":68},"skip":true}]},"15":{"line":129,"type":"if","locations":[{"start":{"line":129,"column":16},"end":{"line":129,"column":16},"skip":true},{"start":{"line":129,"column":16},"end":{"line":129,"column":16},"skip":true}]},"16":{"line":134,"type":"cond-expr","locations":[{"start":{"line":135,"column":26},"end":{"line":135,"column":29},"skip":true},{"start":{"line":136,"column":26},"end":{"line":136,"column":54},"skip":true}]},"17":{"line":164,"type":"binary-expr","locations":[{"start":{"line":164,"column":27},"end":{"line":164,"column":43},"skip":true},{"start":{"line":164,"column":47},"end":{"line":164,"column":49},"skip":true}]},"18":{"line":258,"type":"if","locations":[{"start":{"line":258,"column":8},"end":{"line":258,"column":8},"skip":true},{"start":{"line":258,"column":8},"end":{"line":258,"column":8},"skip":true}]},"19":{"line":275,"type":"switch","locations":[{"start":{"line":276,"column":20},"end":{"line":277,"column":64},"skip":true},{"start":{"line":278,"column":20},"end":{"line":279,"column":40},"skip":true},{"start":{"line":280,"column":20},"end":{"line":281,"column":40},"skip":true},{"start":{"line":282,"column":20},"end":{"line":283,"column":39},"skip":true}]},"20":{"line":288,"type":"if","locations":[{"start":{"line":288,"column":8},"end":{"line":288,"column":8},"skip":true},{"start":{"line":288,"column":8},"end":{"line":288,"column":8},"skip":true}]},"21":{"line":288,"type":"binary-expr","locations":[{"start":{"line":288,"column":12},"end":{"line":288,"column":40},"skip":true},{"start":{"line":288,"column":44},"end":{"line":288,"column":67},"skip":true}]},"22":{"line":292,"type":"binary-expr","locations":[{"start":{"line":292,"column":12},"end":{"line":292,"column":50},"skip":true},{"start":{"line":293,"column":12},"end":{"line":293,"column":53},"skip":true}]},"23":{"line":295,"type":"binary-expr","locations":[{"start":{"line":295,"column":12},"end":{"line":295,"column":73},"skip":true},{"start":{"line":296,"column":12},"end":{"line":301,"column":36},"skip":true}]},"24":{"line":302,"type":"binary-expr","locations":[{"start":{"line":302,"column":43},"end":{"line":302,"column":75},"skip":true},{"start":{"line":302,"column":79},"end":{"line":302,"column":81},"skip":true}]},"25":{"line":305,"type":"if","locations":[{"start":{"line":305,"column":8},"end":{"line":305,"column":8},"skip":true},{"start":{"line":305,"column":8},"end":{"line":305,"column":8},"skip":true}]},"26":{"line":309,"type":"if","locations":[{"start":{"line":309,"column":8},"end":{"line":309,"column":8},"skip":true},{"start":{"line":309,"column":8},"end":{"line":309,"column":8},"skip":true}]},"27":{"line":312,"type":"binary-expr","locations":[{"start":{"line":312,"column":27},"end":{"line":312,"column":43},"skip":true},{"start":{"line":312,"column":47},"end":{"line":312,"column":53},"skip":true}]},"28":{"line":316,"type":"if","locations":[{"start":{"line":316,"column":12},"end":{"line":316,"column":12},"skip":true},{"start":{"line":316,"column":12},"end":{"line":316,"column":12},"skip":true}]}},"code":["/*","example.js","","quickstart example","","instruction","    1. save this script as example.js","    2. run the shell command:","        $ npm install npmtest-bower-installer && PORT=8081 node example.js","    3. play with the browser-demo on http://127.0.0.1:8081","*/","","","","/* istanbul instrument in package npmtest_bower_installer */","/*jslint","    bitwise: true,","    browser: true,","    maxerr: 8,","    maxlen: 96,","    node: true,","    nomen: true,","    regexp: true,","    stupid: true","*/","(function () {","    'use strict';","    var local;","","","","    // run shared js-env code - pre-init","    (function () {","        // init local","        local = {};","        // init modeJs","        local.modeJs = (function () {","            try {","                return typeof navigator.userAgent === 'string' &&","                    typeof document.querySelector('body') === 'object' &&","                    typeof XMLHttpRequest.prototype.open === 'function' &&","                    'browser';","            } catch (errorCaughtBrowser) {","                return module.exports &&","                    typeof process.versions.node === 'string' &&","                    typeof require('http').createServer === 'function' &&","                    'node';","            }","        }());","        // init global","        local.global = local.modeJs === 'browser'","            ? window","            : global;","        // init utility2_rollup","        local = local.global.utility2_rollup || (local.modeJs === 'browser'","            ? local.global.utility2_npmtest_bower_installer","            : global.utility2_moduleExports);","        // export local","        local.global.local = local;","    }());","    switch (local.modeJs) {","","","","    // post-init","    // run browser js-env code - post-init","    /* istanbul ignore next */","    case 'browser':","        local.testRunBrowser = function (event) {","            if (!event || (event &&","                    event.currentTarget &&","                    event.currentTarget.className &&","                    event.currentTarget.className.includes &&","                    event.currentTarget.className.includes('onreset'))) {","                // reset output","                Array.from(","                    document.querySelectorAll('body > .resettable')","                ).forEach(function (element) {","                    switch (element.tagName) {","                    case 'INPUT':","                    case 'TEXTAREA':","                        element.value = '';","                        break;","                    default:","                        element.textContent = '';","                    }","                });","            }","            switch (event && event.currentTarget && event.currentTarget.id) {","            case 'testRunButton1':","                // show tests","                if (document.querySelector('#testReportDiv1').style.display === 'none') {","                    document.querySelector('#testReportDiv1').style.display = 'block';","                    document.querySelector('#testRunButton1').textContent =","                        'hide internal test';","                    local.modeTest = true;","                    local.testRunDefault(local);","                // hide tests","                } else {","                    document.querySelector('#testReportDiv1').style.display = 'none';","                    document.querySelector('#testRunButton1').textContent = 'run internal test';","                }","                break;","            // custom-case","            default:","                break;","            }","            if (document.querySelector('#inputTextareaEval1') && (!event || (event &&","                    event.currentTarget &&","                    event.currentTarget.className &&","                    event.currentTarget.className.includes &&","                    event.currentTarget.className.includes('oneval')))) {","                // try to eval input-code","                try {","                    /*jslint evil: true*/","                    eval(document.querySelector('#inputTextareaEval1').value);","                } catch (errorCaught) {","                    console.error(errorCaught);","                }","            }","        };","        // log stderr and stdout to #outputTextareaStdout1","        ['error', 'log'].forEach(function (key) {","            console[key + '_original'] = console[key];","            console[key] = function () {","                var element;","                console[key + '_original'].apply(console, arguments);","                element = document.querySelector('#outputTextareaStdout1');","                if (!element) {","                    return;","                }","                // append text to #outputTextareaStdout1","                element.value += Array.from(arguments).map(function (arg) {","                    return typeof arg === 'string'","                        ? arg","                        : JSON.stringify(arg, null, 4);","                }).join(' ') + '\\n';","                // scroll textarea to bottom","                element.scrollTop = element.scrollHeight;","            };","        });","        // init event-handling","        ['change', 'click', 'keyup'].forEach(function (event) {","            Array.from(document.querySelectorAll('.on' + event)).forEach(function (element) {","                element.addEventListener(event, local.testRunBrowser);","            });","        });","        // run tests","        local.testRunBrowser();","        break;","","","","    // run node js-env code - post-init","    /* istanbul ignore next */","    case 'node':","        // export local","        module.exports = local;","        // require modules","        local.fs = require('fs');","        local.http = require('http');","        local.url = require('url');","        // init assets","        local.assetsDict = local.assetsDict || {};","        /* jslint-ignore-begin */","        local.assetsDict['/assets.index.template.html'] = '\\","<!doctype html>\\n\\","<html lang=\"en\">\\n\\","<head>\\n\\","<meta charset=\"UTF-8\">\\n\\","<meta name=\"viewport\" content=\"width=device-width, initial-scale=1\">\\n\\","<title>{{env.npm_package_name}} (v{{env.npm_package_version}})</title>\\n\\","<style>\\n\\","/*csslint\\n\\","    box-sizing: false,\\n\\","    universal-selector: false\\n\\","*/\\n\\","* {\\n\\","    box-sizing: border-box;\\n\\","}\\n\\","body {\\n\\","    background: #dde;\\n\\","    font-family: Arial, Helvetica, sans-serif;\\n\\","    margin: 2rem;\\n\\","}\\n\\","body > * {\\n\\","    margin-bottom: 1rem;\\n\\","}\\n\\",".utility2FooterDiv {\\n\\","    margin-top: 20px;\\n\\","    text-align: center;\\n\\","}\\n\\","</style>\\n\\","<style>\\n\\","/*csslint\\n\\","*/\\n\\","textarea {\\n\\","    font-family: monospace;\\n\\","    height: 10rem;\\n\\","    width: 100%;\\n\\","}\\n\\","textarea[readonly] {\\n\\","    background: #ddd;\\n\\","}\\n\\","</style>\\n\\","</head>\\n\\","<body>\\n\\","<!-- utility2-comment\\n\\","<div id=\"ajaxProgressDiv1\" style=\"background: #d00; height: 2px; left: 0; margin: 0; padding: 0; position: fixed; top: 0; transition: background 0.5s, width 1.5s; width: 25%;\"></div>\\n\\","utility2-comment -->\\n\\","<h1>\\n\\","<!-- utility2-comment\\n\\","    <a\\n\\","        {{#if env.npm_package_homepage}}\\n\\","        href=\"{{env.npm_package_homepage}}\"\\n\\","        {{/if env.npm_package_homepage}}\\n\\","        target=\"_blank\"\\n\\","    >\\n\\","utility2-comment -->\\n\\","        {{env.npm_package_name}} (v{{env.npm_package_version}})\\n\\","<!-- utility2-comment\\n\\","    </a>\\n\\","utility2-comment -->\\n\\","</h1>\\n\\","<h3>{{env.npm_package_description}}</h3>\\n\\","<!-- utility2-comment\\n\\","<h4><a download href=\"assets.app.js\">download standalone app</a></h4>\\n\\","<button class=\"onclick onreset\" id=\"testRunButton1\">run internal test</button><br>\\n\\","<div id=\"testReportDiv1\" style=\"display: none;\"></div>\\n\\","utility2-comment -->\\n\\","\\n\\","\\n\\","\\n\\","<label>stderr and stdout</label>\\n\\","<textarea class=\"resettable\" id=\"outputTextareaStdout1\" readonly></textarea>\\n\\","<!-- utility2-comment\\n\\","{{#if isRollup}}\\n\\","<script src=\"assets.app.js\"></script>\\n\\","{{#unless isRollup}}\\n\\","utility2-comment -->\\n\\","<script src=\"assets.utility2.rollup.js\"></script>\\n\\","<script src=\"jsonp.utility2._stateInit?callback=window.utility2._stateInit\"></script>\\n\\","<script src=\"assets.npmtest_bower_installer.rollup.js\"></script>\\n\\","<script src=\"assets.example.js\"></script>\\n\\","<script src=\"assets.test.js\"></script>\\n\\","<!-- utility2-comment\\n\\","{{/if isRollup}}\\n\\","utility2-comment -->\\n\\","<div class=\"utility2FooterDiv\">\\n\\","    [ this app was created with\\n\\","    <a href=\"https://github.com/kaizhu256/node-utility2\" target=\"_blank\">utility2</a>\\n\\","    ]\\n\\","</div>\\n\\","</body>\\n\\","</html>\\n\\","';","        /* jslint-ignore-end */","        if (local.templateRender) {","            local.assetsDict['/'] = local.templateRender(","                local.assetsDict['/assets.index.template.html'],","                {","                    env: local.objectSetDefault(local.env, {","                        npm_package_description: 'the greatest app in the world!',","                        npm_package_name: 'my-app',","                        npm_package_nameAlias: 'my_app',","                        npm_package_version: '0.0.1'","                    })","                }","            );","        } else {","            local.assetsDict['/'] = local.assetsDict['/assets.index.template.html']","                .replace((/\\{\\{env\\.(\\w+?)\\}\\}/g), function (match0, match1) {","                    // jslint-hack","                    String(match0);","                    switch (match1) {","                    case 'npm_package_description':","                        return 'the greatest app in the world!';","                    case 'npm_package_name':","                        return 'my-app';","                    case 'npm_package_nameAlias':","                        return 'my_app';","                    case 'npm_package_version':","                        return '0.0.1';","                    }","                });","        }","        // run the cli","        if (local.global.utility2_rollup || module !== require.main) {","            break;","        }","        local.assetsDict['/assets.example.js'] =","            local.assetsDict['/assets.example.js'] ||","            local.fs.readFileSync(__filename, 'utf8');","        local.assetsDict['/assets.npmtest_bower_installer.rollup.js'] =","            local.assetsDict['/assets.npmtest_bower_installer.rollup.js'] ||","            local.fs.readFileSync(","                // buildCustomOrg-hack","                local.npmtest_bower_installer.__dirname +","                    '/lib.npmtest_bower_installer.js',","                'utf8'","            ).replace((/^#!/), '//');","        local.assetsDict['/favicon.ico'] = local.assetsDict['/favicon.ico'] || '';","        // if $npm_config_timeout_exit exists,","        // then exit this process after $npm_config_timeout_exit ms","        if (Number(process.env.npm_config_timeout_exit)) {","            setTimeout(process.exit, Number(process.env.npm_config_timeout_exit));","        }","        // start server","        if (local.global.utility2_serverHttp1) {","            break;","        }","        process.env.PORT = process.env.PORT || '8081';","        console.error('server starting on port ' + process.env.PORT);","        local.http.createServer(function (request, response) {","            request.urlParsed = local.url.parse(request.url);","            if (local.assetsDict[request.urlParsed.pathname] !== undefined) {","                response.end(local.assetsDict[request.urlParsed.pathname]);","                return;","            }","            response.statusCode = 404;","            response.end();","        }).listen(process.env.PORT);","        break;","    }","}());",""],"l":{"26":2,"28":2,"33":2,"35":2,"37":2,"38":2,"39":2,"44":1,"51":2,"55":2,"59":2,"61":2,"69":1,"70":2,"76":2,"79":2,"82":2,"83":2,"85":1,"89":2,"92":1,"93":1,"94":1,"96":1,"97":1,"100":1,"101":1,"103":1,"106":1,"108":2,"114":1,"116":1,"118":1,"123":1,"124":2,"125":2,"126":2,"127":2,"128":2,"129":2,"130":1,"133":2,"134":2,"139":2,"143":1,"144":3,"145":1,"149":1,"150":1,"158":1,"160":1,"161":1,"162":1,"164":1,"166":1,"258":1,"259":1,"271":1,"274":6,"275":6,"277":1,"279":2,"281":1,"283":2,"288":1,"289":1,"291":1,"294":1,"302":1,"305":1,"306":1,"309":1,"310":1,"312":1,"313":1,"314":1,"315":1,"316":1,"317":1,"318":1,"320":1,"321":1,"323":1}},"/home/travis/build/npmtest/node-npmtest-bower-installer/node_modules/bower-installer/bower-installer.spec.js":{"path":"/home/travis/build/npmtest/node-npmtest-bower-installer/node_modules/bower-installer/bower-installer.spec.js","s":{"1":2,"2":2,"3":0,"4":0,"5":0,"6":0,"7":1,"8":0,"9":0,"10":0,"11":0,"12":1,"13":0,"14":0,"15":0,"16":0,"17":0,"18":0,"19":0,"20":0,"21":0,"22":0,"23":0,"24":0,"25":0,"26":0,"27":0,"28":0,"29":0,"30":0,"31":0,"32":0,"33":0,"34":0,"35":0,"36":0,"37":0,"38":0,"39":0,"40":0,"41":0,"42":0,"43":0,"44":0,"45":0,"46":0,"47":0,"48":0,"49":0,"50":0,"51":0,"52":0,"53":0,"54":0,"55":0,"56":0,"57":0,"58":0,"59":0,"60":0,"61":0,"62":0,"63":0,"64":0,"65":0,"66":0,"67":0,"68":0,"69":0,"70":0,"71":0,"72":0,"73":0,"74":0,"75":0,"76":0,"77":0,"78":0,"79":0,"80":0,"81":0,"82":0},"b":{"1":[0,0],"2":[0,0]},"f":{"1":0,"2":0,"3":0,"4":0,"5":0,"6":0,"7":0,"8":0,"9":0,"10":0,"11":0,"12":0,"13":0,"14":0,"15":0,"16":0,"17":0,"18":0,"19":0,"20":0,"21":0,"22":0,"23":0,"24":0,"25":0,"26":0,"27":0,"28":0,"29":0,"30":0,"31":0,"32":0,"33":0,"34":0,"35":0,"36":0,"37":0,"38":0,"39":0,"40":0},"fnMap":{"1":{"name":"expectFilesToExist","line":8,"loc":{"start":{"line":8,"column":0},"end":{"line":8,"column":40}}},"2":{"name":"(anonymous_2)","line":9,"loc":{"start":{"line":9,"column":20},"end":{"line":9,"column":46}}},"3":{"name":"(anonymous_3)","line":11,"loc":{"start":{"line":11,"column":5},"end":{"line":11,"column":20}}},"4":{"name":"expectDirectoriesToNotExist","line":17,"loc":{"start":{"line":17,"column":0},"end":{"line":17,"column":55}}},"5":{"name":"(anonymous_5)","line":18,"loc":{"start":{"line":18,"column":28},"end":{"line":18,"column":59}}},"6":{"name":"(anonymous_6)","line":20,"loc":{"start":{"line":20,"column":7},"end":{"line":20,"column":22}}},"7":{"name":"cleanDirs","line":26,"loc":{"start":{"line":26,"column":1},"end":{"line":26,"column":22}}},"8":{"name":"(anonymous_8)","line":50,"loc":{"start":{"line":50,"column":5},"end":{"line":50,"column":31}}},"9":{"name":"(anonymous_9)","line":51,"loc":{"start":{"line":51,"column":43},"end":{"line":51,"column":55}}},"10":{"name":"(anonymous_10)","line":57,"loc":{"start":{"line":57,"column":28},"end":{"line":57,"column":40}}},"11":{"name":"(anonymous_11)","line":59,"loc":{"start":{"line":59,"column":33},"end":{"line":59,"column":48}}},"12":{"name":"(anonymous_12)","line":60,"loc":{"start":{"line":60,"column":96},"end":{"line":60,"column":127}}},"13":{"name":"(anonymous_13)","line":66,"loc":{"start":{"line":66,"column":26},"end":{"line":66,"column":41}}},"14":{"name":"(anonymous_14)","line":67,"loc":{"start":{"line":67,"column":89},"end":{"line":67,"column":120}}},"15":{"name":"(anonymous_15)","line":76,"loc":{"start":{"line":76,"column":30},"end":{"line":76,"column":45}}},"16":{"name":"(anonymous_16)","line":77,"loc":{"start":{"line":77,"column":95},"end":{"line":77,"column":126}}},"17":{"name":"(anonymous_17)","line":85,"loc":{"start":{"line":85,"column":30},"end":{"line":85,"column":45}}},"18":{"name":"(anonymous_18)","line":86,"loc":{"start":{"line":86,"column":93},"end":{"line":86,"column":124}}},"19":{"name":"(anonymous_19)","line":100,"loc":{"start":{"line":100,"column":25},"end":{"line":100,"column":40}}},"20":{"name":"(anonymous_20)","line":101,"loc":{"start":{"line":101,"column":88},"end":{"line":101,"column":119}}},"21":{"name":"(anonymous_21)","line":127,"loc":{"start":{"line":127,"column":33},"end":{"line":127,"column":48}}},"22":{"name":"(anonymous_22)","line":128,"loc":{"start":{"line":128,"column":96},"end":{"line":128,"column":127}}},"23":{"name":"(anonymous_23)","line":148,"loc":{"start":{"line":148,"column":27},"end":{"line":148,"column":42}}},"24":{"name":"(anonymous_24)","line":149,"loc":{"start":{"line":149,"column":90},"end":{"line":149,"column":121}}},"25":{"name":"(anonymous_25)","line":158,"loc":{"start":{"line":158,"column":28},"end":{"line":158,"column":43}}},"26":{"name":"(anonymous_26)","line":159,"loc":{"start":{"line":159,"column":91},"end":{"line":159,"column":122}}},"27":{"name":"(anonymous_27)","line":170,"loc":{"start":{"line":170,"column":30},"end":{"line":170,"column":45}}},"28":{"name":"(anonymous_28)","line":171,"loc":{"start":{"line":171,"column":93},"end":{"line":171,"column":124}}},"29":{"name":"(anonymous_29)","line":179,"loc":{"start":{"line":179,"column":30},"end":{"line":179,"column":45}}},"30":{"name":"(anonymous_30)","line":180,"loc":{"start":{"line":180,"column":93},"end":{"line":180,"column":124}}},"31":{"name":"(anonymous_31)","line":190,"loc":{"start":{"line":190,"column":25},"end":{"line":190,"column":40}}},"32":{"name":"(anonymous_32)","line":191,"loc":{"start":{"line":191,"column":88},"end":{"line":191,"column":119}}},"33":{"name":"(anonymous_33)","line":218,"loc":{"start":{"line":218,"column":49},"end":{"line":218,"column":64}}},"34":{"name":"(anonymous_34)","line":219,"loc":{"start":{"line":219,"column":92},"end":{"line":219,"column":123}}},"35":{"name":"(anonymous_35)","line":229,"loc":{"start":{"line":229,"column":53},"end":{"line":229,"column":68}}},"36":{"name":"(anonymous_36)","line":230,"loc":{"start":{"line":230,"column":116},"end":{"line":230,"column":147}}},"37":{"name":"(anonymous_37)","line":238,"loc":{"start":{"line":238,"column":28},"end":{"line":238,"column":43}}},"38":{"name":"(anonymous_38)","line":239,"loc":{"start":{"line":239,"column":91},"end":{"line":239,"column":122}}},"39":{"name":"(anonymous_39)","line":252,"loc":{"start":{"line":252,"column":27},"end":{"line":252,"column":42}}},"40":{"name":"(anonymous_40)","line":253,"loc":{"start":{"line":253,"column":90},"end":{"line":253,"column":121}}}},"statementMap":{"1":{"start":{"line":1,"column":0},"end":{"line":1,"column":27}},"2":{"start":{"line":2,"column":0},"end":{"line":2,"column":31}},"3":{"start":{"line":3,"column":0},"end":{"line":3,"column":23}},"4":{"start":{"line":4,"column":0},"end":{"line":4,"column":29}},"5":{"start":{"line":5,"column":0},"end":{"line":5,"column":41}},"6":{"start":{"line":6,"column":0},"end":{"line":6,"column":20}},"7":{"start":{"line":8,"column":0},"end":{"line":15,"column":1}},"8":{"start":{"line":9,"column":2},"end":{"line":14,"column":5}},"9":{"start":{"line":10,"column":4},"end":{"line":10,"column":97}},"10":{"start":{"line":12,"column":4},"end":{"line":12,"column":27}},"11":{"start":{"line":13,"column":4},"end":{"line":13,"column":10}},"12":{"start":{"line":17,"column":0},"end":{"line":24,"column":1}},"13":{"start":{"line":18,"column":4},"end":{"line":23,"column":7}},"14":{"start":{"line":19,"column":8},"end":{"line":19,"column":105}},"15":{"start":{"line":21,"column":8},"end":{"line":21,"column":31}},"16":{"start":{"line":22,"column":8},"end":{"line":22,"column":14}},"17":{"start":{"line":26,"column":0},"end":{"line":55,"column":5}},"18":{"start":{"line":27,"column":2},"end":{"line":54,"column":4}},"19":{"start":{"line":51,"column":4},"end":{"line":53,"column":7}},"20":{"start":{"line":52,"column":6},"end":{"line":52,"column":17}},"21":{"start":{"line":57,"column":0},"end":{"line":265,"column":3}},"22":{"start":{"line":59,"column":2},"end":{"line":64,"column":14}},"23":{"start":{"line":60,"column":4},"end":{"line":63,"column":7}},"24":{"start":{"line":61,"column":6},"end":{"line":61,"column":33}},"25":{"start":{"line":62,"column":6},"end":{"line":62,"column":28}},"26":{"start":{"line":66,"column":2},"end":{"line":74,"column":14}},"27":{"start":{"line":67,"column":4},"end":{"line":73,"column":7}},"28":{"start":{"line":68,"column":6},"end":{"line":68,"column":29}},"29":{"start":{"line":69,"column":6},"end":{"line":72,"column":14}},"30":{"start":{"line":76,"column":2},"end":{"line":83,"column":14}},"31":{"start":{"line":77,"column":6},"end":{"line":82,"column":9}},"32":{"start":{"line":78,"column":10},"end":{"line":78,"column":33}},"33":{"start":{"line":79,"column":10},"end":{"line":81,"column":18}},"34":{"start":{"line":85,"column":2},"end":{"line":98,"column":14}},"35":{"start":{"line":86,"column":4},"end":{"line":97,"column":7}},"36":{"start":{"line":87,"column":6},"end":{"line":87,"column":29}},"37":{"start":{"line":88,"column":6},"end":{"line":96,"column":14}},"38":{"start":{"line":100,"column":2},"end":{"line":125,"column":14}},"39":{"start":{"line":101,"column":4},"end":{"line":124,"column":7}},"40":{"start":{"line":102,"column":6},"end":{"line":102,"column":29}},"41":{"start":{"line":103,"column":6},"end":{"line":123,"column":14}},"42":{"start":{"line":127,"column":2},"end":{"line":146,"column":14}},"43":{"start":{"line":128,"column":4},"end":{"line":145,"column":7}},"44":{"start":{"line":129,"column":6},"end":{"line":129,"column":29}},"45":{"start":{"line":130,"column":6},"end":{"line":144,"column":14}},"46":{"start":{"line":148,"column":2},"end":{"line":156,"column":14}},"47":{"start":{"line":149,"column":4},"end":{"line":155,"column":7}},"48":{"start":{"line":150,"column":6},"end":{"line":150,"column":29}},"49":{"start":{"line":151,"column":6},"end":{"line":154,"column":14}},"50":{"start":{"line":158,"column":2},"end":{"line":168,"column":14}},"51":{"start":{"line":159,"column":4},"end":{"line":167,"column":7}},"52":{"start":{"line":160,"column":6},"end":{"line":160,"column":29}},"53":{"start":{"line":161,"column":6},"end":{"line":166,"column":14}},"54":{"start":{"line":170,"column":2},"end":{"line":177,"column":14}},"55":{"start":{"line":171,"column":4},"end":{"line":176,"column":7}},"56":{"start":{"line":172,"column":6},"end":{"line":172,"column":29}},"57":{"start":{"line":173,"column":6},"end":{"line":175,"column":14}},"58":{"start":{"line":179,"column":2},"end":{"line":188,"column":14}},"59":{"start":{"line":180,"column":4},"end":{"line":187,"column":7}},"60":{"start":{"line":181,"column":6},"end":{"line":181,"column":29}},"61":{"start":{"line":182,"column":6},"end":{"line":186,"column":14}},"62":{"start":{"line":190,"column":2},"end":{"line":216,"column":14}},"63":{"start":{"line":191,"column":4},"end":{"line":215,"column":7}},"64":{"start":{"line":192,"column":6},"end":{"line":192,"column":29}},"65":{"start":{"line":193,"column":6},"end":{"line":214,"column":14}},"66":{"start":{"line":218,"column":2},"end":{"line":228,"column":14}},"67":{"start":{"line":219,"column":4},"end":{"line":227,"column":7}},"68":{"start":{"line":220,"column":6},"end":{"line":220,"column":29}},"69":{"start":{"line":221,"column":6},"end":{"line":224,"column":14}},"70":{"start":{"line":226,"column":6},"end":{"line":226,"column":86}},"71":{"start":{"line":229,"column":2},"end":{"line":236,"column":14}},"72":{"start":{"line":230,"column":4},"end":{"line":235,"column":7}},"73":{"start":{"line":231,"column":6},"end":{"line":231,"column":29}},"74":{"start":{"line":232,"column":6},"end":{"line":234,"column":14}},"75":{"start":{"line":238,"column":2},"end":{"line":250,"column":14}},"76":{"start":{"line":239,"column":4},"end":{"line":249,"column":7}},"77":{"start":{"line":240,"column":6},"end":{"line":240,"column":29}},"78":{"start":{"line":241,"column":6},"end":{"line":248,"column":14}},"79":{"start":{"line":252,"column":2},"end":{"line":264,"column":14}},"80":{"start":{"line":253,"column":4},"end":{"line":263,"column":7}},"81":{"start":{"line":254,"column":6},"end":{"line":254,"column":29}},"82":{"start":{"line":255,"column":6},"end":{"line":262,"column":14}}},"branchMap":{"1":{"line":10,"type":"cond-expr","locations":[{"start":{"line":10,"column":52},"end":{"line":10,"column":62}},{"start":{"line":10,"column":65},"end":{"line":10,"column":96}}]},"2":{"line":19,"type":"cond-expr","locations":[{"start":{"line":19,"column":61},"end":{"line":19,"column":91}},{"start":{"line":19,"column":94},"end":{"line":19,"column":104}}]}},"code":["var path = require('path');","var rimraf = require('rimraf');","var fs = require('fs');","var async = require('async');","var exec = require('child_process').exec;","var TIMEOUT = 40000;","","function expectFilesToExist(files, run) {","  async.each(files, function (file, callback) {","    fs.existsSync(path.join(process.cwd(), file)) ? callback() : callback('Cannot find ' + file);","  }, function (err) {","    expect(err).toBeNull();","    run();","  });","}","","function expectDirectoriesToNotExist(directories, run) {","    async.each(directories, function (directory, callback) {","        fs.existsSync(path.join(process.cwd(), directory)) ? callback('Found ' + directory) : callback();","    }, function (err) {","        expect(err).toBeNull();","        run();","    });","}","","(function cleanDirs() {","  async.each([","    'test/badBowerJson/build',","    'test/badBowerJson/bower_components',","    'test/basic/build',","    'test/basic/bower_components',","    'test/bootstrap/build',","    'test/bootstrap/bower_components',","    'test/full/build',","    'test/full/bower_components',","    'test/ignore/build',","    'test/ignore/bower_components',","    'test/mapping/build',","    'test/mapping/bower_components',","    'test/multiMain/build',","    'test/multiMain/bower_components',","    'test/multiPath/build',","    'test/multiPath/bower_components',","    'test/noInstall/build',","    'test/noInstall/bower_components',","    'test/glob/build',","    'test/glob/bower_components',","    'test/keyword/build',","    'test/keyword/bower_components'","  ], function (file, callback) {","    rimraf(path.join(process.cwd(), file), function () {","      callback();","    });","  })","})();","","describe(\"Bower Installer\", function () {","","  it('Should pass badBowerJson', function (run) {","    exec('node ../../bower-installer.js', {cwd: path.join(process.cwd(), 'test/badBowerJson')}, function (err, stdout, stderr) {","      expect(err).not.toBeNull();","      expect(run).toThrow();","    });","  }, TIMEOUT);","","  it('Should pass basic', function (run) {","    exec('node ../../bower-installer.js', {cwd: path.join(process.cwd(), 'test/basic')}, function (err, stdout, stderr) {","      expect(err).toBeNull();","      expectFilesToExist([","        'test/basic/build/src/jquery/jquery.js',","        'test/basic/build/src/jquery-ui/jquery-ui.js'","      ], run);","    });","  }, TIMEOUT);","","  it('Should pass noInstall', function (run) {","      exec('node ../../bower-installer.js', {cwd: path.join(process.cwd(), 'test/noInstall')}, function (err, stdout, stderr) {","          expect(err).toBeNull();","          expectDirectoriesToNotExist([","              'test/noInstall/build'","          ], run);","      });","  }, TIMEOUT);","","  it('Should pass bootstrap', function (run) {","    exec('node ../../bower-installer.js', {cwd: path.join(process.cwd(), 'test/bootstrap')}, function (err, stdout, stderr) {","      expect(err).toBeNull();","      expectFilesToExist([","        'test/bootstrap/build/src/bootstrap/bootstrap.js',","        'test/bootstrap/build/src/bootstrap/glyphicons-halflings-regular.eot',","        'test/bootstrap/build/src/bootstrap/glyphicons-halflings-regular.woff',","        'test/bootstrap/build/src/bootstrap/glyphicons-halflings-regular.ttf',","        'test/bootstrap/build/src/bootstrap/glyphicons-halflings-regular.svg',","        'test/bootstrap/build/src/bootstrap/bootstrap.css',","        'test/bootstrap/build/src/jquery/jquery.js'","      ], run);","    });","  }, TIMEOUT);","","  it('Should pass full', function (run) {","    exec('node ../../bower-installer.js', {cwd: path.join(process.cwd(), 'test/full')}, function (err, stdout, stderr) {","      expect(err).toBeNull();","      expectFilesToExist([","        'test/full/build/src/backbone-nested/backbone-nested-models.js',","        'test/full/build/src/backbone/backbone.js',","        'test/full/build/src/buster-jquery-assertions/buster-jquery-assertions.js',","        'test/full/build/src/buster.js/buster-test.css',","        'test/full/build/src/datejs/date.js',","        'test/full/build/src/jquery-mousewheel/jquery.mousewheel.js',","        'test/full/build/src/jquery.jscrollpane/jquery.jscrollpane.js',","        'test/full/build/src/jquery.jscrollpane/jquery.jscrollpane.css',","        'test/full/build/src/jquery.transit/jquery.transit.js',","        'test/full/build/src/json2/json2.js',","        'test/full/build/src/requirejs-text/text.js',","        'test/full/build/src/underscore.string/underscore.string.min.js',","        'test/full/build/src/underscore/underscore.js',","        'test/full/build/src/requirejs/require.js',","        'test/full/build/src/buster.js/buster-test.js',","        'test/full/build/src/jquery/jquery.js',","        'test/full/build/src/d3/d3.js',","        'test/full/build/src/jquery-ui/jquery-ui.js',","        'test/full/build/src/speak.js/speakGenerator.js',","      ], run);","    });","  }, TIMEOUT);","","  it('Should pass multiDirGlob', function (run) {","    exec('node ../../bower-installer.js', {cwd: path.join(process.cwd(), 'test/multiDirGlob')}, function (err, stdout, stderr) {","      expect(err).toBeNull();","      expectFilesToExist([","        \"test/multiDirGlob/build/src/bootstrap/css/bootstrap-theme.css\",","        \"test/multiDirGlob/build/src/bootstrap/css/bootstrap-theme.css.map\",","        \"test/multiDirGlob/build/src/bootstrap/css/bootstrap-theme.min.css\",","        \"test/multiDirGlob/build/src/bootstrap/fonts/glyphicons-halflings-regular.eot\",","        \"test/multiDirGlob/build/src/bootstrap/fonts/glyphicons-halflings-regular.svg\",","        \"test/multiDirGlob/build/src/bootstrap/fonts/glyphicons-halflings-regular.ttf\",","        \"test/multiDirGlob/build/src/bootstrap/fonts/glyphicons-halflings-regular.woff\",","        \"test/multiDirGlob/build/src/bootstrap/js/bootstrap.min.js\",","        \"test/multiDirGlob/build/src/bootstrap/js/bootstrap.js\",","        \"test/multiDirGlob/build/src/bootstrap/css/bootstrap.css\",","        \"test/multiDirGlob/build/src/bootstrap/css/bootstrap.min.css\",","        \"test/multiDirGlob/build/src/jquery/jquery.js\",","        \"test/multiDirGlob/build/src/bootstrap/css/bootstrap.css.map\"","      ], run);","    });","  }, TIMEOUT);","","  it('Should pass ignore', function (run) {","    exec('node ../../bower-installer.js', {cwd: path.join(process.cwd(), 'test/ignore')}, function (err, stdout, stderr) {","      expect(err).toBeNull();","      expectFilesToExist([","        'test/ignore/build/src/ember-model/ember-model.js',","        'test/ignore/build/src/jquery/jquery.js'","      ], run);","    });","  }, TIMEOUT);","","  it('Should pass mapping', function (run) {","    exec('node ../../bower-installer.js', {cwd: path.join(process.cwd(), 'test/mapping')}, function (err, stdout, stderr) {","      expect(err).toBeNull();","      expectFilesToExist([","        'test/mapping/build/src/ember-bootstrap/ember-bootstrap.js',","        'test/mapping/build/src/ember-dialog/subdirectory1/subdirectory2/ember.dialog.min.js',","        'test/mapping/build/src/jquery/jquery.js',","        'test/mapping/build/src/jquery-ui/jquery-ui.js'","      ], run);","    });","  }, TIMEOUT);","","  it('Should pass multiMain', function (run) {","    exec('node ../../bower-installer.js', {cwd: path.join(process.cwd(), 'test/multiMain')}, function (err, stdout, stderr) {","      expect(err).toBeNull();","      expectFilesToExist([","        'test/multiMain/build/src/datejs/date.js'","      ], run);","    });","  }, TIMEOUT);","","  it('Should pass multiPath', function (run) {","    exec('node ../../bower-installer.js', {cwd: path.join(process.cwd(), 'test/multiPath')}, function (err, stdout, stderr) {","      expect(err).toBeNull();","      expectFilesToExist([","        'test/multiPath/build/src/buster-jquery-assertions/buster-jquery-assertions.js',","        'test/multiPath/build/css/buster.js/buster-test.css',","        'test/multiPath/build/src/buster.js/buster-test.js'","      ], run);","    });","  }, TIMEOUT);","","  it('Should pass glob', function (run) {","    exec('node ../../bower-installer.js', {cwd: path.join(process.cwd(), 'test/glob')}, function (err, stdout, stderr) {","      expect(err).toBeNull();","      expectFilesToExist([","        'test/glob/build/src/datejs/date-af-ZA.js',","        'test/glob/build/src/datejs/date-ar-AE.js',","        'test/glob/build/src/datejs/date-ar-BH.js',","        'test/glob/build/src/datejs/date-ar-DZ.js',","        'test/glob/build/src/datejs/date-ar-EG.js',","        'test/glob/build/src/datejs/date-ar-IQ.js',","        'test/glob/build/src/datejs/date-ar-JO.js',","        'test/glob/build/src/datejs/date-ar-KW.js',","        'test/glob/build/src/datejs/date-ar-LB.js',","        'test/glob/build/src/datejs/date-uz-Cyrl-UZ.js',","        'test/glob/build/src/datejs/date-uz-Latn-UZ.js',","        'test/glob/build/src/datejs/date-vi-VN.js',","        'test/glob/build/src/datejs/date-xh-ZA.js',","        'test/glob/build/src/datejs/date-zh-CN.js',","        'test/glob/build/src/datejs/date-zh-HK.js',","        'test/glob/build/src/datejs/date-zh-MO.js',","        'test/glob/build/src/datejs/date-zh-SG.js',","        'test/glob/build/src/datejs/date-zh-TW.js',","        'test/glob/build/src/datejs/date-zu-ZA.js',","        'test/glob/build/src/datejs/date.js'","      ], run);","    });","  }, TIMEOUT);","","  it('Should remove bower_components directory', function (run) {","    exec('node ../../bower-installer.js -r', {cwd: path.join(process.cwd(), 'test/basic')}, function (err, stdout, stderr) {","      expect(err).toBeNull();","      expectFilesToExist([","        'test/basic/build/src/jquery/jquery.js',","        'test/basic/build/src/jquery-ui/jquery-ui.js'","      ], run);","","      expect(fs.existsSync(path.join(process.cwd(), 'bower_components'))).toBeFalsy();","    });","  }, TIMEOUT);","  it('Should pass multiDirGlobWithSameNestedFolder', function (run) {","    exec('node ../../bower-installer.js', {cwd: path.join(process.cwd(), 'test/multiDirGlobWithSameNestedFolder')}, function (err, stdout, stderr) {","      expect(err).toBeNull();","      expectFilesToExist([","        \"test/multiDirGlobWithSameNestedFolder/build/src/ace/lib/oop.js\"","      ], run);","    });","  }, TIMEOUT);","","  it('Should pass keyword', function (run) {","    exec('node ../../bower-installer.js', {cwd: path.join(process.cwd(), 'test/keyword')}, function (err, stdout, stderr) {","      expect(err).toBeNull();","      expectFilesToExist([","        'test/keyword/build/bootstrap/3.0.3/css/bootstrap.css',","        'test/keyword/build/bootstrap/3.0.3/fonts/glyphicons-halflings-regular.eot',","        'test/keyword/build/bootstrap/3.0.3/fonts/glyphicons-halflings-regular.svg',","        'test/keyword/build/bootstrap/3.0.3/fonts/glyphicons-halflings-regular.ttf',","        'test/keyword/build/bootstrap/3.0.3/fonts/glyphicons-halflings-regular.woff',","        'test/keyword/build/bootstrap/3.0.3/js/bootstrap.js'","      ], run);","    });","  }, TIMEOUT);","","  it('Should pass regExp', function (run) {","    exec('node ../../bower-installer.js', {cwd: path.join(process.cwd(), 'test/regExp')}, function (err, stdout, stderr) {","      expect(err).toBeNull();","      expectFilesToExist([","        'test/regExp/build/src/Asset/Lib/flair/Font/ubuntu-r-webfont.woff',","        'test/regExp/build/src/Asset/Lib/flair/Font/ubuntu-r-webfont.woff2',","        'test/regExp/build/src/Asset/Lib/flair/Font/ubuntu-r-webfont.eot',","        'test/regExp/build/src/Asset/Lib/flair/Font/ubuntu-r-webfont.ttf',","        'test/regExp/build/src/Style/Lib/flair/ubuntu.font.scss',","        'test/regExp/build/src/Style/Lib/flair/base.scss',","      ], run);","    });","  }, TIMEOUT);","});",""],"l":{"1":2,"2":2,"3":0,"4":0,"5":0,"6":0,"8":1,"9":0,"10":0,"12":0,"13":0,"17":1,"18":0,"19":0,"21":0,"22":0,"26":0,"27":0,"51":0,"52":0,"57":0,"59":0,"60":0,"61":0,"62":0,"66":0,"67":0,"68":0,"69":0,"76":0,"77":0,"78":0,"79":0,"85":0,"86":0,"87":0,"88":0,"100":0,"101":0,"102":0,"103":0,"127":0,"128":0,"129":0,"130":0,"148":0,"149":0,"150":0,"151":0,"158":0,"159":0,"160":0,"161":0,"170":0,"171":0,"172":0,"173":0,"179":0,"180":0,"181":0,"182":0,"190":0,"191":0,"192":0,"193":0,"218":0,"219":0,"220":0,"221":0,"226":0,"229":0,"230":0,"231":0,"232":0,"238":0,"239":0,"240":0,"241":0,"252":0,"253":0,"254":0,"255":0}},"/home/travis/build/npmtest/node-npmtest-bower-installer/node_modules/bower-installer/lib/installer.js":{"path":"/home/travis/build/npmtest/node-npmtest-bower-installer/node_modules/bower-installer/lib/installer.js","s":{"1":1,"2":1,"3":1,"4":1,"5":0,"6":0,"7":0,"8":0,"9":0,"10":0,"11":0,"12":0,"13":0,"14":0,"15":0,"16":0,"17":0,"18":0,"19":0,"20":0,"21":0,"22":0,"23":0,"24":0,"25":0,"26":0,"27":0,"28":0,"29":0,"30":0,"31":0,"32":0,"33":0,"34":0,"35":0,"36":0,"37":0,"38":0,"39":0,"40":0,"41":0,"42":0,"43":0,"44":0,"45":0,"46":0,"47":0,"48":0,"49":0,"50":0,"51":0,"52":1,"53":0,"54":0,"55":0,"56":0,"57":0,"58":0,"59":0,"60":0,"61":0,"62":0,"63":0,"64":0,"65":0,"66":0,"67":0,"68":0,"69":0,"70":0,"71":0,"72":0,"73":0,"74":0,"75":0,"76":0,"77":0,"78":0,"79":0,"80":0,"81":0,"82":1,"83":0,"84":0},"b":{"1":[0,0],"2":[0,0],"3":[0,0],"4":[0,0],"5":[0,0],"6":[0,0],"7":[0,0],"8":[0,0],"9":[0,0],"10":[0,0],"11":[0,0],"12":[0,0],"13":[0,0],"14":[0,0],"15":[0,0],"16":[0,0],"17":[0,0],"18":[0,0],"19":[0,0],"20":[0,0],"21":[0,0],"22":[0,0],"23":[0,0],"24":[0,0],"25":[0,0],"26":[0,0],"27":[0,0],"28":[0,0],"29":[0,0],"30":[0,0],"31":[0,0],"32":[0,0],"33":[0,0],"34":[0,0],"35":[0,0]},"f":{"1":0,"2":0,"3":0,"4":0,"5":0,"6":0,"7":0,"8":0,"9":0},"fnMap":{"1":{"name":"installFile","line":19,"loc":{"start":{"line":19,"column":0},"end":{"line":19,"column":71}}},"2":{"name":"(anonymous_2)","line":122,"loc":{"start":{"line":122,"column":35},"end":{"line":122,"column":52}}},"3":{"name":"installDependency","line":140,"loc":{"start":{"line":140,"column":28},"end":{"line":140,"column":99}}},"4":{"name":"(anonymous_4)","line":148,"loc":{"start":{"line":148,"column":47},"end":{"line":148,"column":62}}},"5":{"name":"(anonymous_5)","line":162,"loc":{"start":{"line":162,"column":38},"end":{"line":162,"column":53}}},"6":{"name":"(anonymous_6)","line":182,"loc":{"start":{"line":182,"column":19},"end":{"line":182,"column":44}}},"7":{"name":"(anonymous_7)","line":191,"loc":{"start":{"line":191,"column":16},"end":{"line":191,"column":38}}},"8":{"name":"(anonymous_8)","line":198,"loc":{"start":{"line":198,"column":28},"end":{"line":198,"column":51}}},"9":{"name":"(anonymous_9)","line":207,"loc":{"start":{"line":207,"column":30},"end":{"line":207,"column":50}}}},"statementMap":{"1":{"start":{"line":1,"column":0},"end":{"line":8,"column":29}},"2":{"start":{"line":10,"column":0},"end":{"line":12,"column":17}},"3":{"start":{"line":15,"column":0},"end":{"line":17,"column":2}},"4":{"start":{"line":19,"column":0},"end":{"line":138,"column":1}},"5":{"start":{"line":21,"column":2},"end":{"line":25,"column":21}},"6":{"start":{"line":30,"column":2},"end":{"line":37,"column":3}},"7":{"start":{"line":31,"column":4},"end":{"line":34,"column":5}},"8":{"start":{"line":32,"column":6},"end":{"line":32,"column":20}},"9":{"start":{"line":33,"column":6},"end":{"line":33,"column":26}},"10":{"start":{"line":36,"column":4},"end":{"line":36,"column":12}},"11":{"start":{"line":40,"column":2},"end":{"line":40,"column":72}},"12":{"start":{"line":43,"column":2},"end":{"line":43,"column":18}},"13":{"start":{"line":45,"column":2},"end":{"line":51,"column":3}},"14":{"start":{"line":46,"column":4},"end":{"line":46,"column":43}},"15":{"start":{"line":47,"column":4},"end":{"line":50,"column":5}},"16":{"start":{"line":48,"column":6},"end":{"line":48,"column":59}},"17":{"start":{"line":49,"column":6},"end":{"line":49,"column":95}},"18":{"start":{"line":54,"column":2},"end":{"line":76,"column":3}},"19":{"start":{"line":56,"column":4},"end":{"line":56,"column":71}},"20":{"start":{"line":60,"column":4},"end":{"line":62,"column":42}},"21":{"start":{"line":64,"column":4},"end":{"line":75,"column":5}},"22":{"start":{"line":66,"column":6},"end":{"line":71,"column":7}},"23":{"start":{"line":67,"column":8},"end":{"line":67,"column":88}},"24":{"start":{"line":70,"column":8},"end":{"line":70,"column":54}},"25":{"start":{"line":74,"column":6},"end":{"line":74,"column":16}},"26":{"start":{"line":78,"column":2},"end":{"line":78,"column":66}},"27":{"start":{"line":80,"column":2},"end":{"line":80,"column":64}},"28":{"start":{"line":81,"column":2},"end":{"line":81,"column":97}},"29":{"start":{"line":84,"column":2},"end":{"line":86,"column":3}},"30":{"start":{"line":85,"column":4},"end":{"line":85,"column":66}},"31":{"start":{"line":89,"column":2},"end":{"line":119,"column":3}},"32":{"start":{"line":91,"column":4},"end":{"line":91,"column":56}},"33":{"start":{"line":94,"column":4},"end":{"line":118,"column":5}},"34":{"start":{"line":96,"column":6},"end":{"line":96,"column":63}},"35":{"start":{"line":99,"column":6},"end":{"line":99,"column":38}},"36":{"start":{"line":102,"column":6},"end":{"line":102,"column":54}},"37":{"start":{"line":105,"column":6},"end":{"line":113,"column":7}},"38":{"start":{"line":107,"column":8},"end":{"line":107,"column":26}},"39":{"start":{"line":109,"column":8},"end":{"line":111,"column":9}},"40":{"start":{"line":110,"column":10},"end":{"line":110,"column":47}},"41":{"start":{"line":112,"column":8},"end":{"line":112,"column":69}},"42":{"start":{"line":121,"column":2},"end":{"line":137,"column":3}},"43":{"start":{"line":122,"column":4},"end":{"line":134,"column":7}},"44":{"start":{"line":123,"column":6},"end":{"line":132,"column":7}},"45":{"start":{"line":124,"column":8},"end":{"line":126,"column":9}},"46":{"start":{"line":125,"column":10},"end":{"line":125,"column":59}},"47":{"start":{"line":128,"column":8},"end":{"line":131,"column":9}},"48":{"start":{"line":129,"column":10},"end":{"line":129,"column":60}},"49":{"start":{"line":130,"column":10},"end":{"line":130,"column":38}},"50":{"start":{"line":133,"column":6},"end":{"line":133,"column":22}},"51":{"start":{"line":136,"column":4},"end":{"line":136,"column":15}},"52":{"start":{"line":140,"column":0},"end":{"line":205,"column":2}},"53":{"start":{"line":141,"column":2},"end":{"line":141,"column":18}},"54":{"start":{"line":143,"column":2},"end":{"line":143,"column":23}},"55":{"start":{"line":144,"column":2},"end":{"line":144,"column":19}},"56":{"start":{"line":145,"column":2},"end":{"line":151,"column":3}},"57":{"start":{"line":146,"column":4},"end":{"line":146,"column":26}},"58":{"start":{"line":148,"column":4},"end":{"line":150,"column":7}},"59":{"start":{"line":149,"column":6},"end":{"line":149,"column":48}},"60":{"start":{"line":154,"column":2},"end":{"line":159,"column":3}},"61":{"start":{"line":156,"column":4},"end":{"line":156,"column":28}},"62":{"start":{"line":158,"column":4},"end":{"line":158,"column":27}},"63":{"start":{"line":161,"column":2},"end":{"line":169,
[...]
},{"start":{"line":161,"column":22},"end":{"line":161,"column":54}}]},"30":{"line":163,"type":"if","locations":[{"start":{"line":163,"column":6},"end":{"line":163,"column":6}},{"start":{"line":163,"column":6},"end":{"line":163,"column":6}}]},"31":{"line":172,"type":"if","locations":[{"start":{"line":172,"column":2},"end":{"line":172,"column":2}},{"start":{"line":172,"column":2},"end":{"line":172,"column":2}}]},"32":{"line":177,"type":"if","locations":[{"start":{"line":177,"column":2},"end":{"line":177,"column":2}},{"start":{"line":177,"column":2},"end":{"line":177,"column":2}}]},"33":{"line":188,"type":"if","locations":[{"start":{"line":188,"column":4},"end":{"line":188,"column":4}},{"start":{"line":188,"column":4},"end":{"line":188,"column":4}}]},"34":{"line":192,"type":"if","locations":[{"start":{"line":192,"column":8},"end":{"line":192,"column":8}},{"start":{"line":192,"column":8},"end":{"line":192,"column":8}}]},"35":{"line":193,"type":"if","locations":[{"start":{"line":193,"column":10},"end":{"line":193,"column":10}},{"start":{"line":193,"column":10},"end":{"line":193,"column":10}}]}},"code":["var utils = require('./utils'),","  glob = require('glob'),","  async = require('async'),","  fileLib = require(\"node-fs\"),","  path = require('path'),","  _ = require('lodash'),","  fs = require('fs'),","  mkdirp = require('mkdirp');","","var basePath = process.cwd(),","  pathSep = '/',","  pathLib = path;","","","var defaultInstallOptions = {","  \"includePackageNameInInstallPath\": true","};","","function installFile(f, pakcfg, paths, dep, silent, options, callback) {","","  var f_s, // The path for the file to be moved","    f_name, // The full path for the file to be moved","    path, // The path for the new file location","    f_name_new, // The new file name, if we are mapping to a new name","    key = pakcfg.key;","","  // If the dependency is an object, it must","  // be a mapping, so configure things to rename","  // the file","  if (_.isObject(f)) {","    for (var dep_key in f) {","      f_s = dep_key;","      f_name_new = f[f_s];","    }","  } else {","    f_s = f;","  }","","  // If the file path doesn't include the current location, add it","  f_name = f_s.indexOf(basePath) === 0 ? f_s : basePath + pathSep + f_s;","","  // add subdirectories if glob are \"**\"","  var subDir = '';","","  if (!f_name_new) {","    last = dep.match(/([a-z|A-Z]*)\\/\\*\\*/i)","    if (last && typeof last[1] !== undefined) {","      f_name_helper = f_name.split(dep.replace('/**', ''));","      subDir = (f_name_helper[1] != '') ? pathLib.dirname(f_name_helper[1]) : f_name_helper[1];","    }","  }","","  // If the configured paths is a map, use the path for the given file extension","  if (paths.all) {","","    path = utils.parsePath(paths.all, pakcfg) + pathSep + key + subDir;","","  } else {","    // Determine the path by regular expression...","    path = utils.getPathByRegExp(f_name, paths)","      // ...or by file extension.","      || paths[utils.getExtension(f_name)]","","    if (path && typeof path !== 'undefined') {","","      if (!utils.hasVariableInPath(path)) {","        path += (options.includePackageNameInInstallPath ? pathSep + key : '') + subDir;","      }","      else {","        path = utils.parsePath(path, pakcfg) + subDir;","      }","","    } else {","      path = '';","    }","  }","","  mkdirp.sync(pathLib.normalize(basePath + pathSep + path), 0755);","","  var name = f_name_new ? f_name_new : pathLib.basename(f_name);","  var f_path = basePath + pathSep + path + (path ? pathSep : '') + utils.parsePath(name, pakcfg);","","  // For mapped files, create the directory if it doesn't exist","  if (f_name_new && !fileLib.existsSync(pathLib.normalize(pathLib.dirname(f_path)))) {","    mkdirp.sync(pathLib.normalize(pathLib.dirname(f_path)), 0755);","  }","","  // If package.json file was parsed","  if (fs.lstatSync(f_name).isDirectory()) {","","    var packagejson = f_name + pathSep + \"package.json\";","","    // we want the build to continue as default if case something fails","    try {","      // read package.json file","      var file = fs.readFileSync(packagejson).toString('ascii')","","      // parse file","      var filedata = JSON.parse(file);","","      // path to file from main property inside package.json","      var mainpath = f_name + pathSep + filedata.main;","","      // if we have a file reference on package.json to main property and it is a file","      if (fs.lstatSync(mainpath).isFile()) {","","        f_name = mainpath;","        // Update the output path with the correct file extension","        if (!paths.all) {","          path = paths[getExtension(mainpath)];","        }","        f_path = basePath + pathSep + path + pathSep + filedata.main;","      }","","    } catch (error) {","      // We wont need to show log error, if package.json doesnt exist default to download folder","      // console.log(error);","    }","  }","","  if (!fs.lstatSync(f_name).isDirectory() && f_name !== f_path) {","    utils.copyFile(f_name, f_path, function (error) {","      if (!error) {","        if (!silent) {","          console.log(('\\t' + key + ' : ' + f_path).green);","        }","      } else {","        if (!silent) {","          console.log(('Error\\t' + f + ' : ' + f_path).red);","          console.log('\\t\\t' + error);","        }","      }","      callback(error);","    });","  } else {","    callback();","  }","}","","exports.installDependency = function installDependency(deps, pakcfg, cfg, paths, silent, callback) {","  var base, other;","","  var key = pakcfg.key;","  var options = {};","  if (cfg.options) {","    options = cfg.options;","  } else {","    Object.keys(defaultInstallOptions).forEach(function (key) {","      options[key] = defaultInstallOptions[key];","    });","  }","","  // Look for an overriden source","  if (cfg.sources && cfg.sources[key]) {","    // local path, so should work","    deps = cfg.sources[key];","  } else {","    deps = deps.split(',');","  }","","  if (deps.options && typeof deps.options === 'object') {","    Object.keys(deps.options).forEach(function (key) {","      if (typeof defaultInstallOptions[key] === 'undefined') {","        console.warn(\"option \" + key + \" is not a valid install option\");","      } else {","        options[key] = deps.options[key];","      }","    });","  }","","  // Check for mapping which will map old file names to new ones","  if (deps.mapping) {","    deps = deps.mapping;","  }","","  // Ensure we always are dealing with an array","  if (!_.isArray(deps)) {","    deps = [deps];","  }","","  // Install each dependency","  async.each(deps, function (dep, callback) {","","    // If the file is an object, it is for mapping (renaming) the source","    // file to a new filename in the destination. Because of this, it","    // does not make sense to do a file glob, just immediately install","    // the file","    if (_.isObject(dep)) {","      installFile(dep, pakcfg, paths, dep, silent, options, callback);","    } else {","      glob(dep, function (err, files) {","        if (err) {","          if (!silent) {","            console.log(('Error globbing \\t' + key + ' : ' + dep).red);","            console.log(('\\t\\t' + err).red);","          }","        } else {","          async.each(files, function (f, callback) {","            installFile(f, pakcfg, paths, dep, silent, options, callback);","          }, callback);","        }","      });","    }","  }, callback);","};","","exports.removeComponentsDir = function (callback) {","  utils.deleteFolderRecursive(basePath + pathSep + 'bower_components');","  callback();","};",""],"l":{"1":1,"10":1,"15":1,"19":1,"21":0,"30":0,"31":0,"32":0,"33":0,"36":0,"40":0,"43":0,"45":0,"46":0,"47":0,"48":0,"49":0,"54":0,"56":0,"60":0,"64":0,"66":0,"67":0,"70":0,"74":0,"78":0,"80":0,"81":0,"84":0,"85":0,"89":0,"91":0,"94":0,"96":0,"99":0,"102":0,"105":0,"107":0,"109":0,"110":0,"112":0,"121":0,"122":0,"123":0,"124":0,"125":0,"128":0,"129":0,"130":0,"133":0,"136":0,"140":1,"141":0,"143":0,"144":0,"145":0,"146":0,"148":0,"149":0,"154":0,"156":0,"158":0,"161":0,"162":0,"163":0,"164":0,"166":0,"172":0,"173":0,"177":0,"178":0,"182":0,"188":0,"189":0,"191":0,"192":0,"193":0,"194":0,"195":0,"198":0,"199":0,"207":1,"208":0,"209":0}},"/home/travis/build/npmtest/node-npmtest-bower-installer/node_modules/bower-installer/lib/utils.js":{"path":"/home/travis/build/npmtest/node-npmtest-bower-installer/node_modules/bower-installer/lib/utils.js","s":{"1":1,"2":1,"3":0,"4":0,"5":0,"6":0,"7":0,"8":0,"9":0,"10":0,"11":0,"12":1,"13":1,"14":1,"15":0,"16":1,"17":0,"18":0,"19":0,"20":0,"21":0,"22":0,"23":0,"24":0,"25":1,"26":0,"27":0,"28":0,"29":0,"30":0,"31":0,"32":0,"33":1,"34":0,"35":0,"36":0,"37":0,"38":0,"39":0,"40":0,"41":0,"42":1,"43":0,"44":1,"45":0,"46":0,"47":0,"48":0,"49":0,"50":0,"51":0,"52":0,"53":0,"54":0,"55":1,"56":0,"57":0,"58":0},"b":{"1":[0,0],"2":[0,0],"3":[0,0],"4":[0,0],"5":[0,0],"6":[0,0],"7":[0,0],"8":[0,0],"9":[0,0],"10":[0,0],"11":[0,0],"12":[0,0]},"f":{"1":0,"2":0,"3":0,"4":0,"5":0,"6":0,"7":0,"8":0,"9":0,"10":0,"11":0,"12":0,"13":0},"fnMap":{"1":{"name":"deleteFolderRecursive","line":5,"loc":{"start":{"line":5,"column":32},"end":{"line":5,"column":69}}},"2":{"name":"(anonymous_2)","line":9,"loc":{"start":{"line":9,"column":18},"end":{"line":9,"column":41}}},"3":{"name":"(anonymous_3)","line":24,"loc":{"start":{"line":24,"column":28},"end":{"line":24,"column":44}}},"4":{"name":"(anonymous_4)","line":28,"loc":{"start":{"line":28,"column":20},"end":{"line":28,"column":41}}},"5":{"name":"(anonymous_5)","line":33,"loc":{"start":{"line":33,"column":17},"end":{"line":33,"column":32}}},"6":{"name":"(anonymous_6)","line":45,"loc":{"start":{"line":45,"column":18},"end":{"line":45,"column":53}}},"7":{"name":"getPathByRegExp","line":70,"loc":{"start":{"line":70,"column":26},"end":{"line":70,"column":68}}},"8":{"name":"getExtension","line":89,"loc":{"start":{"line":89,"column":23},"end":{"line":89,"column":55}}},"9":{"name":"copyFile","line":94,"loc":{"start":{"line":94,"column":19},"end":{"line":94,"column":57}}},"10":{"name":"(anonymous_10)","line":98,"loc":{"start":{"line":98,"column":17},"end":{"line":98,"column":32}}},"11":{"name":"(anonymous_11)","line":102,"loc":{"start":{"line":102,"column":17},"end":{"line":102,"column":32}}},"12":{"name":"(anonymous_12)","line":105,"loc":{"start":{"line":105,"column":17},"end":{"line":105,"column":31}}},"13":{"name":"done","line":110,"loc":{"start":{"line":110,"column":2},"end":{"line":110,"column":21}}}},"statementMap":{"1":{"start":{"line":1,"column":0},"end":{"line":3,"column":24}},"2":{"start":{"line":5,"column":0},"end":{"line":19,"column":2}},"3":{"start":{"line":6,"column":2},"end":{"line":6,"column":17}},"4":{"start":{"line":7,"column":2},"end":{"line":18,"column":3}},"5":{"start":{"line":8,"column":4},"end":{"line":8,"column":33}},"6":{"start":{"line":9,"column":4},"end":{"line":16,"column":7}},"7":{"start":{"line":10,"column":6},"end":{"line":10,"column":38}},"8":{"start":{"line":11,"column":6},"end":{"line":15,"column":7}},"9":{"start":{"line":12,"column":8},"end":{"line":12,"column":39}},"10":{"start":{"line":14,"column":8},"end":{"line":14,"column":31}},"11":{"start":{"line":17,"column":4},"end":{"line":17,"column":23}},"12":{"start":{"line":21,"column":0},"end":{"line":21,"column":36}},"13":{"start":{"line":22,"column":0},"end":{"line":22,"column":35}},"14":{"start":{"line":24,"column":0},"end":{"line":26,"column":2}},"15":{"start":{"line":25,"column":2},"end":{"line":25,"column":34}},"16":{"start":{"line":28,"column":0},"end":{"line":43,"column":2}},"17":{"start":{"line":29,"column":2},"end":{"line":41,"column":3}},"18":{"start":{"line":31,"column":4},"end":{"line":31,"column":38}},"19":{"start":{"line":33,"column":4},"end":{"line":40,"column":7}},"20":{"start":{"line":34,"column":6},"end":{"line":34,"column":34}},"21":{"start":{"line":35,"column":6},"end":{"line":35,"column":17}},"22":{"start":{"line":37,"column":6},"end":{"line":37,"column":43}},"23":{"start":{"line":38,"column":6},"end":{"line":38,"column":78}},"24":{"start":{"line":42,"column":2},"end":{"line":42,"column":14}},"25":{"start":{"line":45,"column":0},"end":{"line":65,"column":2}},"26":{"start":{"line":46,"column":2},"end":{"line":46,"column":20}},"27":{"start":{"line":49,"column":2},"end":{"line":62,"column":3}},"28":{"start":{"line":50,"column":4},"end":{"line":50,"column":77}},"29":{"start":{"line":53,"column":4},"end":{"line":61,"column":5}},"30":{"start":{"line":55,"column":6},"end":{"line":55,"column":59}},"31":{"start":{"line":58,"column":6},"end":{"line":58,"column":32}},"32":{"start":{"line":64,"column":2},"end":{"line":64,"column":16}},"33":{"start":{"line":70,"column":0},"end":{"line":87,"column":2}},"34":{"start":{"line":71,"column":2},"end":{"line":84,"column":3}},"35":{"start":{"line":72,"column":4},"end":{"line":74,"column":5}},"36":{"start":{"line":73,"column":6},"end":{"line":73,"column":15}},"37":{"start":{"line":76,"column":4},"end":{"line":83,"column":5}},"38":{"start":{"line":79,"column":6},"end":{"line":79,"column":70}},"39":{"start":{"line":80,"column":6},"end":{"line":82,"column":7}},"40":{"start":{"line":81,"column":8},"end":{"line":81,"column":26}},"41":{"start":{"line":86,"column":2},"end":{"line":86,"column":14}},"42":{"start":{"line":89,"column":0},"end":{"line":91,"column":2}},"43":{"start":{"line":90,"column":2},"end":{"line":90,"column":50}},"44":{"start":{"line":94,"column":0},"end":{"line":116,"column":2}},"45":{"start":{"line":95,"column":2},"end":{"line":95,"column":23}},"46":{"start":{"line":97,"column":2},"end":{"line":97,"column":39}},"47":{"start":{"line":98,"column":2},"end":{"line":100,"column":5}},"48":{"start":{"line":99,"column":4},"end":{"line":99,"column":14}},"49":{"start":{"line":101,"column":2},"end":{"line":101,"column":40}},"50":{"start":{"line":102,"column":2},"end":{"line":104,"column":5}},"51":{"start":{"line":103,"column":4},"end":{"line":103,"column":14}},"52":{"start":{"line":105,"column":2},"end":{"line":107,"column":5}},"53":{"start":{"line":106,"column":4},"end":{"line":106,"column":11}},"54":{"start":{"line":108,"column":2},"end":{"line":108,"column":14}},"55":{"start":{"line":110,"column":2},"end":{"line":115,"column":3}},"56":{"start":{"line":111,"column":4},"end":{"line":114,"column":5}},"57":{"start":{"line":112,"column":6},"end":{"line":112,"column":14}},"58":{"start":{"line":113,"column":6},"end":{"line":113,"column":22}}},"branchMap":{"1":{"line":7,"type":"if","locations":[{"start":{"line":7,"column":2},"end":{"line":7,"column":2}},{"start":{"line":7,"column":2},"end":{"line":7,"column":2}}]},"2":{"line":11,"type":"if","locations":[{"start":{"line":11,"column":6},"end":{"line":11,"column":6}},{"start":{"line":11,"column":6},"end":{"line":11,"column":6}}]},"3":{"line":29,"type":"if","locations":[{"start":{"line":29,"column":2},"end":{"line":29,"column":2}},{"start":{"line":29,"column":2},"end":{"line":29,"column":2}}]},"4":{"line":37,"type":"cond-expr","locations":[{"start":{"line":37,"column":29},"end":{"line":37,"column":37}},{"start":{"line":37,"column":40},"end":{"line":37,"column":42}}]},"5":{"line":49,"type":"if","locations":[{"start":{"line":49,"column":2},"end":{"line":49,"column":2}},{"start":{"line":49,"column":2},"end":{"line":49,"column":2}}]},"6":{"line":50,"type":"cond-expr","locations":[{"start":{"line":50,"column":47},"end":{"line":50,"column":55}},{"start":{"line":50,"column":58},"end":{"line":50,"column":65}}]},"7":{"line":72,"type":"if","locations":[{"start":{"line":72,"column":4},"end":{"line":72,"column":4}},{"start":{"line":72,"column":4},"end":{"line":72,"column":4}}]},"8":{"line":76,"type":"if","locations":[{"start":{"line":76,"column":4},"end":{"line":76,"column":4}},{"start":{"line":76,"column":4},"end":{"line":76,"column":4}}]},"9":{"line":76,"type":"binary-expr","locations":[{"start":{"line":76,"column":8},"end":{"line":76,"column":30}},{"start":{"line":77,"column":9},"end":{"line":77,"column":33}}]},"10":{"line":80,"type":"if","locations":[{"start":{"line":80,"column":6},"end":{"line":80,"column":6}},{"start":{"line":80,"column":6},"end":{"line":80,"column":6}}]},"11":{"line":90,"type":"binary-expr","locations":[{"start":{"line":90,"column":25},"end":{"line":90,"column":33}},{"start":{"line":90,"column":37},"end":{"line":90,"column":39}}]},"12":{"line":111,"type":"if","locations":[{"start":{"line":111,"column":4},"end":{"line":111,"column":4}},{"start":{"line":111,"column":4},"end":{"line":111,"column":4}}]}},"code":["var fs = require('fs'),","  pathLib = require('path'),","  _ = require('lodash');","","exports.deleteFolderRecursive = function deleteFolderRecursive(path) {","  var files = [];","  if (fs.existsSync(path)) {","    files = fs.readdirSync(path);","    files.forEach(function (file, index) {","      var curPath = path + \"/\" + file;","      if (fs.statSync(curPath).isDirectory()) { // recurse","        deleteFolderRecursive(curPath);","      } else { // delete file","        fs.unlinkSync(curPath);","      }","    });","    fs.rmdirSync(path);","  }","};","","var KEYS_MATCH = /\\{[ ]?\\w+[ ]?\\}/g;","var KEY_NAME = /\\{[ ]?(\\w+)[ ]?\\}/;","","exports.hasVariableInPath = function (path) {","  return path.indexOf('{') !== -1;","};","","exports.parsePath = function (path, map) {","  if (path.indexOf('{') !== -1) {","","    var keys = path.match(KEYS_MATCH);","","    _.each(keys, function (key) {","      var p = key.match(KEY_NAME);","      key = p[1];","","      var val = key in map ? map[key] : '';","      path = path.replace(new RegExp('\\\\{[ ]?' + key + '[ ]?\\\\}', 'gi'), val);","","    });","  }","  return path;","};","","exports.getJSON = function (path, pathSep, filename) {","  var pakcfg = null;","","  // If it is a directory lets try to read from package.json file","  if (fs.lstatSync(path).isDirectory()) {","    var pakpath = path + pathSep + (filename ? filename : 'bower') + '.json';","","    // we want the build to continue as default if case something fails","    try {","      // read package.json file","      var file = fs.readFileSync(pakpath).toString('ascii')","","      // parse file","      pakcfg = JSON.parse(file);","","    } catch (error) {","    }","  }","","  return pakcfg;","};","","// Loops over the paths map looking for a RegExp formatted key, returning the","// path for the first match against the provided filename. Returns null if no","// match is made.","exports.getPathByRegExp = function getPathByRegExp(filename, paths) {","  for (var key in paths) {","    if (!paths.hasOwnProperty(key)) {","      continue;","    }","","    if (key.indexOf(\"/\") === 0","      && key.lastIndexOf(\"/\") > 0) {","      // Assume the key is a RegExp formatted string.","      var regExp = new RegExp(key.substring(1, key.lastIndexOf(\"/\")));","      if (filename.match(regExp)) {","        return paths[key];","      }","    }","  }","","  return null;","};","","exports.getExtension = function getExtension(filename) {","  return pathLib.extname(filename || '').slice(1);","};","","","exports.copyFile = function copyFile(source, target, cb) {","  var cbCalled = false;","","  var rd = fs.createReadStream(source);","  rd.on(\"error\", function (err) {","    done(err);","  });","  var wr = fs.createWriteStream(target);","  wr.on(\"error\", function (err) {","    done(err);","  });","  wr.on(\"close\", function (ex) {","    done();","  });","  rd.pipe(wr);","","  function done(err) {","    if (!cbCalled) {","      cb(err);","      cbCalled = true;","    }","  }","};",""],"l":{"1":1,"5":1,"6":0,"7":0,"8":0,"9":0,"10":0,"11":0,"12":0,"14":0,"17":0,"21":1,"22":1,"24":1,"25":0,"28":1,"29":0,"31":0,"33":0,"34":0,"35":0,"37":0,"38":0,"42":0,"45":1,"46":0,"49":0,"50":0,"53":0,"55":0,"58":0,"64":0,"70":1,"71":0,"72":0,"73":0,"76":0,"79":0,"80":0,"81":0,"86":0,"89":1,"90":0,"94":1,"95":0,"97":0,"98":0,"99":0,"101":0,"102":0,"103":0,"105":0,"106":0,"108":0,"110":1,"111":0,"112":0,"113":0}}}